[     8.666] (--) Log file renamed from "/home/tyc/.local/share/xorg/Xorg.pid-1527.log" to "/home/tyc/.local/share/xorg/Xorg.0.log"
[     8.668] 
X.Org X Server 1.20.1
X Protocol Version 11, Revision 0
[     8.669] Build Operating System: Linux 4.4.0-140-generic x86_64 Ubuntu
[     8.669] Current Operating System: Linux tyc-VirtualBox 4.18.0-17-generic #18~18.04.1-Ubuntu SMP Fri Mar 15 15:27:12 UTC 2019 x86_64
[     8.669] Kernel command line: BOOT_IMAGE=/boot/vmlinuz-4.18.0-17-generic root=UUID=f35b3561-08f6-45ca-a0f9-ba271d2f4219 ro quiet splash
[     8.669] Build Date: 27 November 2018  05:27:12PM
[     8.669] xorg-server-hwe-18.04 2:1.20.1-3ubuntu2.1~18.04.1 (For technical support please see http://www.ubuntu.com/support) 
[     8.669] Current version of pixman: 0.34.0
[     8.669] 	Before reporting problems, check http://wiki.x.org
	to make sure that you have the latest version.
[     8.669] Markers: (--) probed, (**) from config file, (==) default setting,
	(++) from command line, (!!) notice, (II) informational,
	(WW) warning, (EE) error, (NI) not implemented, (??) unknown.
[     8.669] (==) Log file: "/home/tyc/.local/share/xorg/Xorg.0.log", Time: Fri Apr 19 13:49:21 2019
[     8.670] (==) Using system config directory "/usr/share/X11/xorg.conf.d"
[     8.672] (==) No Layout section.  Using the first Screen section.
[     8.672] (==) No screen section available. Using defaults.
[     8.672] (**) |-->Screen "Default Screen Section" (0)
[     8.672] (**) |   |-->Monitor "<default monitor>"
[     8.673] (==) No monitor specified for screen "Default Screen Section".
	Using a default monitor configuration.
[     8.673] (==) Automatically adding devices
[     8.673] (==) Automatically enabling devices
[     8.673] (==) Automatically adding GPU devices
[     8.673] (==) Automatically binding GPU devices
[     8.673] (==) Max clients allowed: 256, resource mask: 0x1fffff
[     8.673] (WW) The directory "/usr/share/fonts/X11/cyrillic" does not exist.
[     8.673] 	Entry deleted from font path.
[     8.673] (WW) The directory "/usr/share/fonts/X11/100dpi/" does not exist.
[     8.673] 	Entry deleted from font path.
[     8.673] (WW) The directory "/usr/share/fonts/X11/75dpi/" does not exist.
[     8.673] 	Entry deleted from font path.
[     8.674] (WW) The directory "/usr/share/fonts/X11/100dpi" does not exist.
[     8.674] 	Entry deleted from font path.
[     8.674] (WW) The directory "/usr/share/fonts/X11/75dpi" does not exist.
[     8.674] 	Entry deleted from font path.
[     8.674] (==) FontPath set to:
	/usr/share/fonts/X11/misc,
	/usr/share/fonts/X11/Type1,
	built-ins
[     8.674] (==) ModulePath set to "/usr/lib/xorg/modules"
[     8.674] (II) The server relies on udev to provide the list of input devices.
	If no devices become available, reconfigure udev or disable AutoAddDevices.
[     8.674] (II) Loader magic: 0x558ff0ef3020
[     8.674] (II) Module ABI versions:
[     8.674] 	X.Org ANSI C Emulation: 0.4
[     8.674] 	X.Org Video Driver: 24.0
[     8.674] 	X.Org XInput driver : 24.1
[     8.674] 	X.Org Server Extension : 10.0
[     8.674] (++) using VT number 1

[     8.677] (II) systemd-logind: took control of session /org/freedesktop/login1/session/_31
[     8.678] (II) xfree86: Adding drm device (/dev/dri/card0)
[     8.679] (II) systemd-logind: got fd for /dev/dri/card0 226:0 fd 12 paused 0
[     8.680] (--) PCI:*(0@0:2:0) 15ad:0405:15ad:0405 rev 0, Mem @ 0xf0000000/16777216, 0xf1000000/2097152, I/O @ 0x0000d010/16, BIOS @ 0x????????/131072
[     8.680] (II) LoadModule: "glx"
[     8.681] (II) Loading /usr/lib/xorg/modules/extensions/libglx.so
[     8.689] (II) Module glx: vendor="X.Org Foundation"
[     8.689] 	compiled for 1.20.1, module version = 1.0.0
[     8.689] 	ABI class: X.Org Server Extension, version 10.0
[     8.690] (==) Matched vmware as autoconfigured driver 0
[     8.690] (==) Matched modesetting as autoconfigured driver 1
[     8.690] (==) Matched fbdev as autoconfigured driver 2
[     8.690] (==) Matched vesa as autoconfigured driver 3
[     8.690] (==) Assigned the driver to the xf86ConfigLayout
[     8.690] (II) LoadModule: "vmware"
[     8.690] (II) Loading /usr/lib/xorg/modules/drivers/vmware_drv.so
[     8.825] (II) Module vmware: vendor="X.Org Foundation"
[     8.825] 	compiled for 1.20.1, module version = 13.3.0
[     8.825] 	Module class: X.Org Video Driver
[     8.825] 	ABI class: X.Org Video Driver, version 24.0
[     8.825] (II) LoadModule: "modesetting"
[     8.825] (II) Loading /usr/lib/xorg/modules/drivers/modesetting_drv.so
[     8.826] (II) Module modesetting: vendor="X.Org Foundation"
[     8.826] 	compiled for 1.20.1, module version = 1.20.1
[     8.826] 	Module class: X.Org Video Driver
[     8.826] 	ABI class: X.Org Video Driver, version 24.0
[     8.826] (II) LoadModule: "fbdev"
[     8.827] (II) Loading /usr/lib/xorg/modules/drivers/fbdev_drv.so
[     8.827] (II) Module fbdev: vendor="X.Org Foundation"
[     8.827] 	compiled for 1.20.1, module version = 0.5.0
[     8.827] 	Module class: X.Org Video Driver
[     8.827] 	ABI class: X.Org Video Driver, version 24.0
[     8.827] (II) LoadModule: "vesa"
[     8.827] (II) Loading /usr/lib/xorg/modules/drivers/vesa_drv.so
[     8.828] (II) Module vesa: vendor="X.Org Foundation"
[     8.828] 	compiled for 1.20.1, module version = 2.4.0
[     8.828] 	Module class: X.Org Video Driver
[     8.828] 	ABI class: X.Org Video Driver, version 24.0
[     8.828] (II) vmware: driver for VMware SVGA: vmware0405, vmware0710
[     8.828] (II) modesetting: Driver for Modesetting Kernel Drivers: kms
[     8.828] (II) FBDEV: driver for framebuffer: fbdev
[     8.828] (II) VESA: driver for VESA chipsets: vesa
[     8.828] xf86EnableIOPorts: failed to set IOPL for I/O (Operation not permitted)
[     8.828] (WW) Falling back to old probe method for modesetting
[     8.828] (WW) Falling back to old probe method for fbdev
[     8.828] (II) Loading sub module "fbdevhw"
[     8.828] (II) LoadModule: "fbdevhw"
[     8.829] (II) Loading /usr/lib/xorg/modules/libfbdevhw.so
[     8.829] (II) Module fbdevhw: vendor="X.Org Foundation"
[     8.829] 	compiled for 1.20.1, module version = 0.0.2
[     8.829] 	ABI class: X.Org Video Driver, version 24.0
[     8.829] (EE) open /dev/fb0: Permission denied
[     8.829] (WW) VGA arbiter: cannot open kernel arbiter, no multi-card support
[     8.829] (II) vmware(0): Creating default Display subsection in Screen section
	"Default Screen Section" for depth/fbbpp 24/32
[     8.829] (--) vmware(0): DRM driver version is 2.14.1
[     8.830] (==) vmware(0): Depth 24, (--) framebuffer bpp 32
[     8.830] (==) vmware(0): RGB weight 888
[     8.830] (==) vmware(0): Default visual is TrueColor
[     8.830] (--) vmware(0): Min width 1, Max Width 8192.
[     8.830] (--) vmware(0): Min height 1, Max Height 8192.
[     8.830] (II) vmware(0): Output Virtual1 has no monitor section
[     8.830] (II) vmware(0): Output Virtual2 has no monitor section
[     8.830] (II) vmware(0): Output Virtual3 has no monitor section
[     8.830] (II) vmware(0): Output Virtual4 has no monitor section
[     8.830] (II) vmware(0): Output Virtual5 has no monitor section
[     8.830] (II) vmware(0): Output Virtual6 has no monitor section
[     8.830] (II) vmware(0): Output Virtual7 has no monitor section
[     8.830] (II) vmware(0): Output Virtual8 has no monitor section
[     8.830] (II) vmware(0): Printing probed modes for output Virtual1
[     8.830] (II) vmware(0): Modeline "804x643"x60.0   45.39  804 854 904 954  643 693 743 793 -hsync +vsync (47.6 kHz eP)
[     8.830] (II) vmware(0): Modeline "2560x1600"x60.0  348.50  2560 2752 3032 3504  1600 1603 1609 1658 -hsync +vsync (99.5 kHz e)
[     8.830] (II) vmware(0): Modeline "1920x1440"x60.0  234.00  1920 2048 2256 2600  1440 1441 1444 1500 -hsync +vsync (90.0 kHz e)
[     8.830] (II) vmware(0): Modeline "1856x1392"x60.0  218.25  1856 1952 2176 2528  1392 1393 1396 1439 -hsync +vsync (86.3 kHz e)
[     8.830] (II) vmware(0): Modeline "1792x1344"x60.0  204.75  1792 1920 2120 2448  1344 1345 1348 1394 -hsync +vsync (83.6 kHz e)
[     8.830] (II) vmware(0): Modeline "1920x1200"x59.9  193.25  1920 2056 2256 2592  1200 1203 1209 1245 -hsync +vsync (74.6 kHz e)
[     8.830] (II) vmware(0): Modeline "1600x1200"x60.0  162.00  1600 1664 1856 2160  1200 1201 1204 1250 +hsync +vsync (75.0 kHz e)
[     8.830] (II) vmware(0): Modeline "1680x1050"x60.0  146.25  1680 1784 1960 2240  1050 1053 1059 1089 -hsync +vsync (65.3 kHz e)
[     8.830] (II) vmware(0): Modeline "1400x1050"x60.0  121.75  1400 1488 1632 1864  1050 1053 1057 1089 -hsync +vsync (65.3 kHz e)
[     8.830] (II) vmware(0): Modeline "1280x1024"x60.0  108.00  1280 1328 1440 1688  1024 1025 1028 1066 +hsync +vsync (64.0 kHz e)
[     8.830] (II) vmware(0): Modeline "1440x900"x59.9  106.50  1440 1520 1672 1904  900 903 909 934 -hsync +vsync (55.9 kHz e)
[     8.830] (II) vmware(0): Modeline "1280x960"x60.0  108.00  1280 1376 1488 1800  960 961 964 1000 +hsync +vsync (60.0 kHz e)
[     8.830] (II) vmware(0): Modeline "1360x768"x60.0   85.50  1360 1424 1536 1792  768 771 777 795 +hsync +vsync (47.7 kHz e)
[     8.830] (II) vmware(0): Modeline "1280x800"x59.8   83.50  1280 1352 1480 1680  800 803 809 831 +hsync -vsync (49.7 kHz e)
[     8.830] (II) vmware(0): Modeline "1152x864"x75.0  108.00  1152 1216 1344 1600  864 865 868 900 +hsync +vsync (67.5 kHz e)
[     8.830] (II) vmware(0): Modeline "1280x768"x59.9   79.50  1280 1344 1472 1664  768 771 778 798 -hsync +vsync (47.8 kHz e)
[     8.830] (II) vmware(0): Modeline "1024x768"x60.0   65.00  1024 1048 1184 1344  768 771 777 806 -hsync -vsync (48.4 kHz e)
[     8.830] (II) vmware(0): Modeline "800x600"x60.3   40.00  800 840 968 1056  600 601 605 628 +hsync +vsync (37.9 kHz e)
[     8.830] (II) vmware(0): Modeline "640x480"x59.9   25.18  640 656 752 800  480 489 492 525 -hsync -vsync (31.5 kHz e)
[     8.830] (II) vmware(0): EDID for output Virtual2
[     8.830] (II) vmware(0): EDID for output Virtual3
[     8.830] (II) vmware(0): EDID for output Virtual4
[     8.830] (II) vmware(0): EDID for output Virtual5
[     8.830] (II) vmware(0): EDID for output Virtual6
[     8.830] (II) vmware(0): EDID for output Virtual7
[     8.830] (II) vmware(0): EDID for output Virtual8
[     8.830] (II) vmware(0): Output Virtual1 connected
[     8.831] (II) vmware(0): Output Virtual2 disconnected
[     8.831] (II) vmware(0): Output Virtual3 disconnected
[     8.831] (II) vmware(0): Output Virtual4 disconnected
[     8.831] (II) vmware(0): Output Virtual5 disconnected
[     8.831] (II) vmware(0): Output Virtual6 disconnected
[     8.831] (II) vmware(0): Output Virtual7 disconnected
[     8.831] (II) vmware(0): Output Virtual8 disconnected
[     8.831] (II) vmware(0): Using exact sizes for initial modes
[     8.831] (II) vmware(0): Output Virtual1 using initial mode 804x643 +0+0
[     8.831] (==) vmware(0): DPI set to (96, 96)
[     8.831] (==) vmware(0): Using gamma correction (1.0, 1.0, 1.0)
[     8.831] (II) Loading sub module "fb"
[     8.831] (II) LoadModule: "fb"
[     8.831] (II) Loading /usr/lib/xorg/modules/libfb.so
[     8.832] (II) Module fb: vendor="X.Org Foundation"
[     8.832] 	compiled for 1.20.1, module version = 1.0.0
[     8.832] 	ABI class: X.Org ANSI C Emulation, version 0.4
[     8.832] (II) Loading sub module "dri2"
[     8.832] (II) LoadModule: "dri2"
[     8.832] (II) Module "dri2" already built-in
[     8.832] (II) Loading sub module "dri3"
[     8.832] (II) LoadModule: "dri3"
[     8.832] (II) Module "dri3" already built-in
[     8.832] (II) UnloadModule: "modesetting"
[     8.832] (II) Unloading modesetting
[     8.832] (II) UnloadModule: "fbdev"
[     8.832] (II) Unloading fbdev
[     8.832] (II) UnloadSubModule: "fbdevhw"
[     8.832] (II) Unloading fbdevhw
[     8.832] (II) UnloadModule: "vesa"
[     8.832] (II) Unloading vesa
[     8.834] (II) vmware(0): Initialized VMWARE_CTRL extension version 0.2
[     8.837] (WW) vmware(0): Failed to initialize Gallium3D Xa. No render acceleration available.
[     8.837] (WW) vmware(0): Skipped initialization of direct rendering due to lack of render acceleration.
[     8.837] (--) vmware(0): Render acceleration is disabled.
[     8.837] (==) vmware(0): Rendercheck mode is disabled.
[     8.837] (--) vmware(0): Direct rendering (DRI2 3D) is disabled.
[     8.837] (--) vmware(0): Direct rendering (DRI3 3D) is disabled.
[     8.837] (==) vmware(0): Backing store enabled
[     8.837] (==) vmware(0): Silken mouse enabled
[     8.838] (==) vmware(0): DPMS enabled
[     8.838] (II) vmware(0): No 3D acceleration. Not setting up textured video.
[     8.838] (WW) vmware(0): Disabling Xv because no adaptors could be initialized.
[     8.838] (II) Initializing extension Generic Event Extension
[     8.838] (II) Initializing extension SHAPE
[     8.839] (II) Initializing extension MIT-SHM
[     8.839] (II) Initializing extension XInputExtension
[     8.839] (II) Initializing extension XTEST
[     8.839] (II) Initializing extension BIG-REQUESTS
[     8.840] (II) Initializing extension SYNC
[     8.840] (II) Initializing extension XKEYBOARD
[     8.840] (II) Initializing extension XC-MISC
[     8.840] (II) Initializing extension SECURITY
[     8.840] (II) Initializing extension XFIXES
[     8.840] (II) Initializing extension RENDER
[     8.840] (II) Initializing extension RANDR
[     8.841] (II) Initializing extension COMPOSITE
[     8.841] (II) Initializing extension DAMAGE
[     8.841] (II) Initializing extension MIT-SCREEN-SAVER
[     8.841] (II) Initializing extension DOUBLE-BUFFER
[     8.841] (II) Initializing extension RECORD
[     8.841] (II) Initializing extension DPMS
[     8.841] (II) Initializing extension Present
[     8.842] (II) Initializing extension DRI3
[     8.842] (II) Initializing extension X-Resource
[     8.842] (II) Initializing extension XVideo
[     8.842] (II) Initializing extension XVideo-MotionCompensation
[     8.842] (II) Initializing extension SELinux
[     8.842] (II) SELinux: Disabled on system
[     8.842] (II) Initializing extension GLX
[     8.842] (II) AIGLX: Screen 0 is not DRI2 capable
[     8.883] (II) IGLX: Loaded and initialized swrast
[     8.883] (II) GLX: Initialized DRISWRAST GL provider for screen 0
[     8.883] (II) Initializing extension XFree86-VidModeExtension
[     8.883] (II) Initializing extension XFree86-DGA
[     8.883] (II) Initializing extension XFree86-DRI
[     8.884] (II) Initializing extension DRI2
[     8.942] (II) vmware(0): Setting screen physical size to 212 x 170
[     9.045] (II) config/udev: Adding input device Power Button (/dev/input/event0)
[     9.045] (**) Power Button: Applying InputClass "libinput keyboard catchall"
[     9.045] (II) LoadModule: "libinput"
[     9.045] (II) Loading /usr/lib/xorg/modules/input/libinput_drv.so
[     9.051] (II) Module libinput: vendor="X.Org Foundation"
[     9.051] 	compiled for 1.20.1, module version = 0.28.1
[     9.051] 	Module class: X.Org XInput Driver
[     9.051] 	ABI class: X.Org XInput driver, version 24.1
[     9.051] (II) Using input driver 'libinput' for 'Power Button'
[     9.052] (II) systemd-logind: got fd for /dev/input/event0 13:64 fd 20 paused 0
[     9.052] (**) Power Button: always reports core events
[     9.052] (**) Option "Device" "/dev/input/event0"
[     9.052] (**) Option "_source" "server/udev"
[     9.052] (II) event0  - Power Button: is tagged by udev as: Keyboard
[     9.052] (II) event0  - Power Button: device is a keyboard
[     9.052] (II) event0  - Power Button: device removed
[     9.053] (**) Option "config_info" "udev:/sys/devices/LNXSYSTM:00/LNXPWRBN:00/input/input0/event0"
[     9.053] (II) XINPUT: Adding extended input device "Power Button" (type: KEYBOARD, id 6)
[     9.053] (**) Option "xkb_model" "pc105"
[     9.053] (**) Option "xkb_layout" "us"
[     9.053] (II) event0  - Power Button: is tagged by udev as: Keyboard
[     9.053] (II) event0  - Power Button: device is a keyboard
[     9.053] (II) config/udev: Adding input device Sleep Button (/dev/input/event1)
[     9.053] (**) Sleep Button: Applying InputClass "libinput keyboard catchall"
[     9.053] (II) Using input driver 'libinput' for 'Sleep Button'
[     9.054] (II) systemd-logind: got fd for /dev/input/event1 13:65 fd 23 paused 0
[     9.054] (**) Sleep Button: always reports core events
[     9.054] (**) Option "Device" "/dev/input/event1"
[     9.054] (**) Option "_source" "server/udev"
[     9.054] (II) event1  - Sleep Button: is tagged by udev as: Keyboard
[     9.054] (II) event1  - Sleep Button: device is a keyboard
[     9.054] (II) event1  - Sleep Button: device removed
[     9.054] (**) Option "config_info" "udev:/sys/devices/LNXSYSTM:00/LNXSLPBN:00/input/input1/event1"
[     9.054] (II) XINPUT: Adding extended input device "Sleep Button" (type: KEYBOARD, id 7)
[     9.054] (**) Option "xkb_model" "pc105"
[     9.054] (**) Option "xkb_layout" "us"
[     9.055] (II) event1  - Sleep Button: is tagged by udev as: Keyboard
[     9.055] (II) event1  - Sleep Button: device is a keyboard
[     9.055] (II) config/udev: Adding input device Video Bus (/dev/input/event5)
[     9.055] (**) Video Bus: Applying InputClass "libinput keyboard catchall"
[     9.055] (II) Using input driver 'libinput' for 'Video Bus'
[     9.056] (II) systemd-logind: got fd for /dev/input/event5 13:69 fd 24 paused 0
[     9.056] (**) Video Bus: always reports core events
[     9.056] (**) Option "Device" "/dev/input/event5"
[     9.056] (**) Option "_source" "server/udev"
[     9.056] (II) event5  - Video Bus: is tagged by udev as: Keyboard
[     9.056] (II) event5  - Video Bus: device is a keyboard
[     9.056] (II) event5  - Video Bus: device removed
[     9.056] (**) Option "config_info" "udev:/sys/devices/LNXSYSTM:00/LNXSYBUS:00/PNP0A03:00/LNXVIDEO:00/input/input6/event5"
[     9.056] (II) XINPUT: Adding extended input device "Video Bus" (type: KEYBOARD, id 8)
[     9.056] (**) Option "xkb_model" "pc105"
[     9.056] (**) Option "xkb_layout" "us"
[     9.057] (II) event5  - Video Bus: is tagged by udev as: Keyboard
[     9.057] (II) event5  - Video Bus: device is a keyboard
[     9.057] (II) config/udev: Adding input device VirtualBox mouse integration (/dev/input/event4)
[     9.057] (**) VirtualBox mouse integration: Applying InputClass "libinput pointer catchall"
[     9.057] (II) Using input driver 'libinput' for 'VirtualBox mouse integration'
[     9.058] (II) systemd-logind: got fd for /dev/input/event4 13:68 fd 25 paused 0
[     9.058] (**) VirtualBox mouse integration: always reports core events
[     9.058] (**) Option "Device" "/dev/input/event4"
[     9.058] (**) Option "_source" "server/udev"
[     9.058] (II) event4  - VirtualBox mouse integration: is tagged by udev as: Mouse
[     9.058] (II) event4  - VirtualBox mouse integration: device is a pointer
[     9.058] (II) event4  - VirtualBox mouse integration: device removed
[     9.058] (**) Option "config_info" "udev:/sys/devices/pci0000:00/0000:00:04.0/input/input5/event4"
[     9.058] (II) XINPUT: Adding extended input device "VirtualBox mouse integration" (type: MOUSE, id 9)
[     9.059] (**) Option "AccelerationScheme" "none"
[     9.059] (**) VirtualBox mouse integration: (accel) selected scheme none/0
[     9.059] (**) VirtualBox mouse integration: (accel) acceleration factor: 2.000
[     9.059] (**) VirtualBox mouse integration: (accel) acceleration threshold: 4
[     9.059] (II) event4  - VirtualBox mouse integration: is tagged by udev as: Mouse
[     9.059] (II) event4  - VirtualBox mouse integration: device is a pointer
[     9.059] (II) config/udev: Adding input device VirtualBox mouse integration (/dev/input/js0)
[     9.060] (II) No input driver specified, ignoring this device.
[     9.060] (II) This device may have been added with another device file.
[     9.060] (II) config/udev: Adding input device VirtualBox USB Tablet (/dev/input/event6)
[     9.060] (**) VirtualBox USB Tablet: Applying InputClass "libinput pointer catchall"
[     9.060] (II) Using input driver 'libinput' for 'VirtualBox USB Tablet'
[     9.132] (II) systemd-logind: got fd for /dev/input/event6 13:70 fd 26 paused 0
[     9.132] (**) VirtualBox USB Tablet: always reports core events
[     9.132] (**) Option "Device" "/dev/input/event6"
[     9.132] (**) Option "_source" "server/udev"
[     9.132] (II) event6  - VirtualBox USB Tablet: is tagged by udev as: Mouse
[     9.132] (II) event6  - VirtualBox USB Tablet: device is a pointer
[     9.132] (II) event6  - VirtualBox USB Tablet: device removed
[     9.132] (**) Option "config_info" "udev:/sys/devices/pci0000:00/0000:00:06.0/usb1/1-1/1-1:1.0/0003:80EE:0021.0001/input/input7/event6"
[     9.132] (II) XINPUT: Adding extended input device "VirtualBox USB Tablet" (type: MOUSE, id 10)
[     9.132] (**) Option "AccelerationScheme" "none"
[     9.132] (**) VirtualBox USB Tablet: (accel) selected scheme none/0
[     9.132] (**) VirtualBox USB Tablet: (accel) acceleration factor: 2.000
[     9.132] (**) VirtualBox USB Tablet: (accel) acceleration threshold: 4
[     9.133] (II) event6  - VirtualBox USB Tablet: is tagged by udev as: Mouse
[     9.133] (II) event6  - VirtualBox USB Tablet: device is a pointer
[     9.133] (II) config/udev: Adding input device VirtualBox USB Tablet (/dev/input/js1)
[     9.133] (II) No input driver specified, ignoring this device.
[     9.133] (II) This device may have been added with another device file.
[     9.134] (II) config/udev: Adding input device VirtualBox USB Tablet (/dev/input/mouse1)
[     9.134] (II) No input driver specified, ignoring this device.
[     9.134] (II) This device may have been added with another device file.
[     9.134] (II) config/udev: Adding input device AT Translated Set 2 keyboard (/dev/input/event2)
[     9.134] (**) AT Translated Set 2 keyboard: Applying InputClass "libinput keyboard catchall"
[     9.134] (II) Using input driver 'libinput' for 'AT Translated Set 2 keyboard'
[     9.135] (II) systemd-logind: got fd for /dev/input/event2 13:66 fd 27 paused 0
[     9.135] (**) AT Translated Set 2 keyboard: always reports core events
[     9.135] (**) Option "Device" "/dev/input/event2"
[     9.135] (**) Option "_source" "server/udev"
[     9.135] (II) event2  - AT Translated Set 2 keyboard: is tagged by udev as: Keyboard
[     9.135] (II) event2  - AT Translated Set 2 keyboard: device is a keyboard
[     9.135] (II) event2  - AT Translated Set 2 keyboard: device removed
[     9.135] (**) Option "config_info" "udev:/sys/devices/platform/i8042/serio0/input/input2/event2"
[     9.135] (II) XINPUT: Adding extended input device "AT Translated Set 2 keyboard" (type: KEYBOARD, id 11)
[     9.135] (**) Option "xkb_model" "pc105"
[     9.135] (**) Option "xkb_layout" "us"
[     9.135] (II) event2  - AT Translated Set 2 keyboard: is tagged by udev as: Keyboard
[     9.135] (II) event2  - AT Translated Set 2 keyboard: device is a keyboard
[     9.136] (II) config/udev: Adding input device ImExPS/2 Generic Explorer Mouse (/dev/input/event3)
[     9.136] (**) ImExPS/2 Generic Explorer Mouse: Applying InputClass "libinput pointer catchall"
[     9.136] (II) Using input driver 'libinput' for 'ImExPS/2 Generic Explorer Mouse'
[     9.136] (II) systemd-logind: got fd for /dev/input/event3 13:67 fd 28 paused 0
[     9.136] (**) ImExPS/2 Generic Explorer Mouse: always reports core events
[     9.136] (**) Option "Device" "/dev/input/event3"
[     9.136] (**) Option "_source" "server/udev"
[     9.137] (II) event3  - ImExPS/2 Generic Explorer Mouse: is tagged by udev as: Mouse
[     9.137] (II) event3  - ImExPS/2 Generic Explorer Mouse: device is a pointer
[     9.137] (II) event3  - ImExPS/2 Generic Explorer Mouse: device removed
[     9.137] (**) Option "config_info" "udev:/sys/devices/platform/i8042/serio1/input/input4/event3"
[     9.137] (II) XINPUT: Adding extended input device "ImExPS/2 Generic Explorer Mouse" (type: MOUSE, id 12)
[     9.137] (**) Option "AccelerationScheme" "none"
[     9.137] (**) ImExPS/2 Generic Explorer Mouse: (accel) selected scheme none/0
[     9.137] (**) ImExPS/2 Generic Explorer Mouse: (accel) acceleration factor: 2.000
[     9.137] (**) ImExPS/2 Generic Explorer Mouse: (accel) acceleration threshold: 4
[     9.137] (II) event3  - ImExPS/2 Generic Explorer Mouse: is tagged by udev as: Mouse
[     9.138] (II) event3  - ImExPS/2 Generic Explorer Mouse: device is a pointer
[     9.138] (II) config/udev: Adding input device ImExPS/2 Generic Explorer Mouse (/dev/input/mouse0)
[     9.138] (II) No input driver specified, ignoring this device.
[     9.138] (II) This device may have been added with another device file.
[     9.621] (!!) vmware(0): New layout.
[     9.621] (!!) vmware(0): 0: 0 0 1033 713
[     9.621] (!!) vmware(0): 
[     9.712] (!!) vmware(0): New layout.
[     9.712] (!!) vmware(0): 0: 0 0 1054 718
[     9.712] (!!) vmware(0): 
[    10.756] (EE) No surface to present from.
[    12.779] (!!) vmware(0): New layout.
[    12.779] (!!) vmware(0): 0: 0 0 1019 718
[    12.779] (!!) vmware(0): 
[    12.876] (!!) vmware(0): New layout.
[    12.876] (!!) vmware(0): 0: 0 0 1600 979
[    12.876] (!!) vmware(0): 
[    12.979] (EE) No surface to present from.
[    21.065] (!!) vmware(0): New layout.
[    21.065] (!!) vmware(0): 0: 0 0 1920 1080
[    21.065] (!!) vmware(0): 
[    21.328] (EE) No surface to present from.
