[Server(16735) file:///home/tyc/Projects/NYIAN] Started and initialize received
[Server(16735) file:///home/tyc/Projects/NYIAN] Setup a stylesheet lookup map
[Server(16735) file:///home/tyc/Projects/NYIAN] Document opened: file:///home/tyc/Projects/NYIAN/main.html
[Server(16735) file:///home/tyc/Projects/NYIAN] Document changed: file:///home/tyc/Projects/NYIAN/main.html
[Server(16735) file:///home/tyc/Projects/NYIAN] Document changed: file:///home/tyc/Projects/NYIAN/main.html
[Server(16735) file:///home/tyc/Projects/NYIAN] Document changed: file:///home/tyc/Projects/NYIAN/main.html
[Server(16735) file:///home/tyc/Projects/NYIAN] Document changed: file:///home/tyc/Projects/NYIAN/main.html
[Server(16735) file:///home/tyc/Projects/NYIAN] Document changed: file:///home/tyc/Projects/NYIAN/main.html
[Server(16735) file:///home/tyc/Projects/NYIAN] Document changed: file:///home/tyc/Projects/NYIAN/main.html
[Server(16735) file:///home/tyc/Projects/NYIAN] Document changed: file:///home/tyc/Projects/NYIAN/main.html
[Server(16735) file:///home/tyc/Projects/NYIAN] Document changed: file:///home/tyc/Projects/NYIAN/main.html
[Server(16735) file:///home/tyc/Projects/NYIAN] Document changed: file:///home/tyc/Projects/NYIAN/main.html
[Server(16735) file:///home/tyc/Projects/NYIAN] Document changed: file:///home/tyc/Projects/NYIAN/main.html
[Server(16735) file:///home/tyc/Projects/NYIAN] Document changed: file:///home/tyc/Projects/NYIAN/main.html
[Server(16735) file:///home/tyc/Projects/NYIAN] Document changed: file:///home/tyc/Projects/NYIAN/main.html
[Server(16735) file:///home/tyc/Projects/NYIAN] Document changed: file:///home/tyc/Projects/NYIAN/main.html
[Server(16735) file:///home/tyc/Projects/NYIAN] Document changed: file:///home/tyc/Projects/NYIAN/main.html
[Server(16735) file:///home/tyc/Projects/NYIAN] Document changed: file:///home/tyc/Projects/NYIAN/main.html
[Server(16735) file:///home/tyc/Projects/NYIAN] Document changed: file:///home/tyc/Projects/NYIAN/main.html
[Server(16735) file:///home/tyc/Projects/NYIAN] Document changed: file:///home/tyc/Projects/NYIAN/main.html
[Server(16735) file:///home/tyc/Projects/NYIAN] Document changed: file:///home/tyc/Projects/NYIAN/main.html
[Server(16735) file:///home/tyc/Projects/NYIAN] Document changed: file:///home/tyc/Projects/NYIAN/main.html
[Server(16735) file:///home/tyc/Projects/NYIAN] Document changed: file:///home/tyc/Projects/NYIAN/main.html
[Server(16735) file:///home/tyc/Projects/NYIAN] Document changed: file:///home/tyc/Projects/NYIAN/main.html
[Server(16735) file:///home/tyc/Projects/NYIAN] Document changed: file:///home/tyc/Projects/NYIAN/main.html
[Server(16735) file:///home/tyc/Projects/NYIAN] Document changed: file:///home/tyc/Projects/NYIAN/main.html
[Server(16735) file:///home/tyc/Projects/NYIAN] Document changed: file:///home/tyc/Projects/NYIAN/main.html
[Server(16735) file:///home/tyc/Projects/NYIAN] Document changed: file:///home/tyc/Projects/NYIAN/main.html
[Server(16735) file:///home/tyc/Projects/NYIAN] Document changed: file:///home/tyc/Projects/NYIAN/main.html
[Server(16735) file:///home/tyc/Projects/NYIAN] Document changed: file:///home/tyc/Projects/NYIAN/main.html
[Server(16735) file:///home/tyc/Projects/NYIAN] Document changed: file:///home/tyc/Projects/NYIAN/main.html
[Server(16735) file:///home/tyc/Projects/NYIAN] Document changed: file:///home/tyc/Projects/NYIAN/main.html
[Server(16735) file:///home/tyc/Projects/NYIAN] Document changed: file:///home/tyc/Projects/NYIAN/main.html
[Server(16735) file:///home/tyc/Projects/NYIAN] Document changed: file:///home/tyc/Projects/NYIAN/main.html
[Server(16735) file:///home/tyc/Projects/NYIAN] Document changed: file:///home/tyc/Projects/NYIAN/main.html
[Server(16735) file:///home/tyc/Projects/NYIAN] Document changed: file:///home/tyc/Projects/NYIAN/main.html
[Server(16735) file:///home/tyc/Projects/NYIAN] Document changed: file:///home/tyc/Projects/NYIAN/main.html
[Server(16735) file:///home/tyc/Projects/NYIAN] Document changed: file:///home/tyc/Projects/NYIAN/main.html
[Server(16735) file:///home/tyc/Projects/NYIAN] Document changed: file:///home/tyc/Projects/NYIAN/main.html
[Server(16735) file:///home/tyc/Projects/NYIAN] Document changed: file:///home/tyc/Projects/NYIAN/main.html
[Server(16735) file:///home/tyc/Projects/NYIAN] Document changed: file:///home/tyc/Projects/NYIAN/main.html
Found CSS selector of type null and value li
Searching for symbol
Found 0 symbols in file:///home/tyc/Projects/NYIAN/style.css
Invalid Selector...
[Server(16735) file:///home/tyc/Projects/NYIAN] Document changed: file:///home/tyc/Projects/NYIAN/main.html
[Server(16735) file:///home/tyc/Projects/NYIAN] Document changed: file:///home/tyc/Projects/NYIAN/main.html
[Server(16735) file:///home/tyc/Projects/NYIAN] Document changed: file:///home/tyc/Projects/NYIAN/main.html
[Server(16735) file:///home/tyc/Projects/NYIAN] Document changed: file:///home/tyc/Projects/NYIAN/main.html
[Server(16735) file:///home/tyc/Projects/NYIAN] Document changed: file:///home/tyc/Projects/NYIAN/main.html
[Server(16735) file:///home/tyc/Projects/NYIAN] Document changed: file:///home/tyc/Projects/NYIAN/main.html
[Server(16735) file:///home/tyc/Projects/NYIAN] Document changed: file:///home/tyc/Projects/NYIAN/main.html
[Server(16735) file:///home/tyc/Projects/NYIAN] Document changed: file:///home/tyc/Projects/NYIAN/main.html
[Server(16735) file:///home/tyc/Projects/NYIAN] Document changed: file:///home/tyc/Projects/NYIAN/main.html
[Server(16735) file:///home/tyc/Projects/NYIAN] Document changed: file:///home/tyc/Projects/NYIAN/main.html
[Server(16735) file:///home/tyc/Projects/NYIAN] Document changed: file:///home/tyc/Projects/NYIAN/main.html
[Server(16735) file:///home/tyc/Projects/NYIAN] Document changed: file:///home/tyc/Projects/NYIAN/main.html
[Server(16735) file:///home/tyc/Projects/NYIAN] Document changed: file:///home/tyc/Projects/NYIAN/main.html
[Server(16735) file:///home/tyc/Projects/NYIAN] Document changed: file:///home/tyc/Projects/NYIAN/main.html
[Server(16735) file:///home/tyc/Projects/NYIAN] Document changed: file:///home/tyc/Projects/NYIAN/main.html
[Server(16735) file:///home/tyc/Projects/NYIAN] Document changed: file:///home/tyc/Projects/NYIAN/main.html
[Server(16735) file:///home/tyc/Projects/NYIAN] Document changed: file:///home/tyc/Projects/NYIAN/main.html
[Server(16735) file:///home/tyc/Projects/NYIAN] Document changed: file:///home/tyc/Projects/NYIAN/main.html
[Server(16735) file:///home/tyc/Projects/NYIAN] Document changed: file:///home/tyc/Projects/NYIAN/main.html
[Server(16735) file:///home/tyc/Projects/NYIAN] Document changed: file:///home/tyc/Projects/NYIAN/main.html
[Server(16735) file:///home/tyc/Projects/NYIAN] Document changed: file:///home/tyc/Projects/NYIAN/main.html
[Server(16735) file:///home/tyc/Projects/NYIAN] Document changed: file:///home/tyc/Projects/NYIAN/main.html
[Server(16735) file:///home/tyc/Projects/NYIAN] Document changed: file:///home/tyc/Projects/NYIAN/main.html
[Server(16735) file:///home/tyc/Projects/NYIAN] Document changed: file:///home/tyc/Projects/NYIAN/main.html
[Server(16735) file:///home/tyc/Projects/NYIAN] Document changed: file:///home/tyc/Projects/NYIAN/main.html
[Server(16735) file:///home/tyc/Projects/NYIAN] Document changed: file:///home/tyc/Projects/NYIAN/main.html
[Server(16735) file:///home/tyc/Projects/NYIAN] Document changed: file:///home/tyc/Projects/NYIAN/main.html
[Server(16735) file:///home/tyc/Projects/NYIAN] Document changed: file:///home/tyc/Projects/NYIAN/main.html
[Server(16735) file:///home/tyc/Projects/NYIAN] Document opened: file:///home/tyc/Projects/NYIAN/style.css
[Server(16735) file:///home/tyc/Projects/NYIAN] Document changed: file:///home/tyc/Projects/NYIAN/style.css
[Server(16735) file:///home/tyc/Projects/NYIAN] Document changed: file:///home/tyc/Projects/NYIAN/main.html
[Server(16735) file:///home/tyc/Projects/NYIAN] Document changed: file:///home/tyc/Projects/NYIAN/main.html
[Server(16735) file:///home/tyc/Projects/NYIAN] Document changed: file:///home/tyc/Projects/NYIAN/main.html
[Server(16735) file:///home/tyc/Projects/NYIAN] Document changed: file:///home/tyc/Projects/NYIAN/main.html
[Server(16735) file:///home/tyc/Projects/NYIAN] Document changed: file:///home/tyc/Projects/NYIAN/main.html
[Server(16735) file:///home/tyc/Projects/NYIAN] Document changed: file:///home/tyc/Projects/NYIAN/main.html
[Server(16735) file:///home/tyc/Projects/NYIAN] Document changed: file:///home/tyc/Projects/NYIAN/main.html
[Server(16735) file:///home/tyc/Projects/NYIAN] Document changed: file:///home/tyc/Projects/NYIAN/main.html
[Server(16735) file:///home/tyc/Projects/NYIAN] Document changed: file:///home/tyc/Projects/NYIAN/style.css
[Server(16735) file:///home/tyc/Projects/NYIAN] Document changed: file:///home/tyc/Projects/NYIAN/style.css
[Server(16735) file:///home/tyc/Projects/NYIAN] Document changed: file:///home/tyc/Projects/NYIAN/style.css
[Server(16735) file:///home/tyc/Projects/NYIAN] Document changed: file:///home/tyc/Projects/NYIAN/style.css
[Server(16735) file:///home/tyc/Projects/NYIAN] Document changed: file:///home/tyc/Projects/NYIAN/style.css
[Server(16735) file:///home/tyc/Projects/NYIAN] Document changed: file:///home/tyc/Projects/NYIAN/style.css
[Server(16735) file:///home/tyc/Projects/NYIAN] Document changed: file:///home/tyc/Projects/NYIAN/style.css
[Server(16735) file:///home/tyc/Projects/NYIAN] Document changed: file:///home/tyc/Projects/NYIAN/style.css
[Server(16735) file:///home/tyc/Projects/NYIAN] Document changed: file:///home/tyc/Projects/NYIAN/style.css
[Server(16735) file:///home/tyc/Projects/NYIAN] Document changed: file:///home/tyc/Projects/NYIAN/style.css
[Server(16735) file:///home/tyc/Projects/NYIAN] Document changed: file:///home/tyc/Projects/NYIAN/style.css
[Server(16735) file:///home/tyc/Projects/NYIAN] Document changed: file:///home/tyc/Projects/NYIAN/style.css
[Server(16735) file:///home/tyc/Projects/NYIAN] Document changed: file:///home/tyc/Projects/NYIAN/style.css
[Server(16735) file:///home/tyc/Projects/NYIAN] Document changed: file:///home/tyc/Projects/NYIAN/style.css
[Server(16735) file:///home/tyc/Projects/NYIAN] Document changed: file:///home/tyc/Projects/NYIAN/style.css
[Server(16735) file:///home/tyc/Projects/NYIAN] Document changed: file:///home/tyc/Projects/NYIAN/style.css
[Server(16735) file:///home/tyc/Projects/NYIAN] Document changed: file:///home/tyc/Projects/NYIAN/style.css
[Server(16735) file:///home/tyc/Projects/NYIAN] Document changed: file:///home/tyc/Projects/NYIAN/style.css
[Server(16735) file:///home/tyc/Projects/NYIAN] Document changed: file:///home/tyc/Projects/NYIAN/style.css
[Server(16735) file:///home/tyc/Projects/NYIAN] Document changed: file:///home/tyc/Projects/NYIAN/style.css
[Server(16735) file:///home/tyc/Projects/NYIAN] Document changed: file:///home/tyc/Projects/NYIAN/style.css
[Server(16735) file:///home/tyc/Projects/NYIAN] Document changed: file:///home/tyc/Projects/NYIAN/style.css
[Server(16735) file:///home/tyc/Projects/NYIAN] Document changed: file:///home/tyc/Projects/NYIAN/style.css
[Server(16735) file:///home/tyc/Projects/NYIAN] Document changed: file:///home/tyc/Projects/NYIAN/style.css
[Server(16735) file:///home/tyc/Projects/NYIAN] Document changed: file:///home/tyc/Projects/NYIAN/style.css
[Server(16735) file:///home/tyc/Projects/NYIAN] Document changed: file:///home/tyc/Projects/NYIAN/style.css
[Server(16735) file:///home/tyc/Projects/NYIAN] Document changed: file:///home/tyc/Projects/NYIAN/style.css
[Server(16735) file:///home/tyc/Projects/NYIAN] Document changed: file:///home/tyc/Projects/NYIAN/style.css
[Server(16735) file:///home/tyc/Projects/NYIAN] Document changed: file:///home/tyc/Projects/NYIAN/style.css
[Server(16735) file:///home/tyc/Projects/NYIAN] Document changed: file:///home/tyc/Projects/NYIAN/style.css
[Server(16735) file:///home/tyc/Projects/NYIAN] Document changed: file:///home/tyc/Projects/NYIAN/style.css
[Server(16735) file:///home/tyc/Projects/NYIAN] Document changed: file:///home/tyc/Projects/NYIAN/style.css
[Server(16735) file:///home/tyc/Projects/NYIAN] Document changed: file:///home/tyc/Projects/NYIAN/style.css
[Server(16735) file:///home/tyc/Projects/NYIAN] Document changed: file:///home/tyc/Projects/NYIAN/style.css
[Server(16735) file:///home/tyc/Projects/NYIAN] Document changed: file:///home/tyc/Projects/NYIAN/style.css
[Server(16735) file:///home/tyc/Projects/NYIAN] Document changed: file:///home/tyc/Projects/NYIAN/style.css
[Server(16735) file:///home/tyc/Projects/NYIAN] Document changed: file:///home/tyc/Projects/NYIAN/style.css
[Server(16735) file:///home/tyc/Projects/NYIAN] Document changed: file:///home/tyc/Projects/NYIAN/style.css
[Server(16735) file:///home/tyc/Projects/NYIAN] Document changed: file:///home/tyc/Projects/NYIAN/style.css
[Server(16735) file:///home/tyc/Projects/NYIAN] Document changed: file:///home/tyc/Projects/NYIAN/style.css
[Server(16735) file:///home/tyc/Projects/NYIAN] Document changed: file:///home/tyc/Projects/NYIAN/style.css
[Server(16735) file:///home/tyc/Projects/NYIAN] Document changed: file:///home/tyc/Projects/NYIAN/style.css
[Server(16735) file:///home/tyc/Projects/NYIAN] Document changed: file:///home/tyc/Projects/NYIAN/style.css
[Server(16735) file:///home/tyc/Projects/NYIAN] Document changed: file:///home/tyc/Projects/NYIAN/style.css
[Server(16735) file:///home/tyc/Projects/NYIAN] Document changed: file:///home/tyc/Projects/NYIAN/style.css
[Server(16735) file:///home/tyc/Projects/NYIAN] Document changed: file:///home/tyc/Projects/NYIAN/style.css
[Server(16735) file:///home/tyc/Projects/NYIAN] Document changed: file:///home/tyc/Projects/NYIAN/style.css
[Server(16735) file:///home/tyc/Projects/NYIAN] Document changed: file:///home/tyc/Projects/NYIAN/style.css
[Server(16735) file:///home/tyc/Projects/NYIAN] Document changed: file:///home/tyc/Projects/NYIAN/style.css
[Server(16735) file:///home/tyc/Projects/NYIAN] Document changed: file:///home/tyc/Projects/NYIAN/style.css
[Server(16735) file:///home/tyc/Projects/NYIAN] Document changed: file:///home/tyc/Projects/NYIAN/style.css
[Server(16735) file:///home/tyc/Projects/NYIAN] Document changed: file:///home/tyc/Projects/NYIAN/style.css
[Server(16735) file:///home/tyc/Projects/NYIAN] Document changed: file:///home/tyc/Projects/NYIAN/style.css
[Server(16735) file:///home/tyc/Projects/NYIAN] Document changed: file:///home/tyc/Projects/NYIAN/style.css
[Server(16735) file:///home/tyc/Projects/NYIAN] Document changed: file:///home/tyc/Projects/NYIAN/style.css
[Server(16735) file:///home/tyc/Projects/NYIAN] Document changed: file:///home/tyc/Projects/NYIAN/style.css
[Server(16735) file:///home/tyc/Projects/NYIAN] Document changed: file:///home/tyc/Projects/NYIAN/style.css
[Server(16735) file:///home/tyc/Projects/NYIAN] Document changed: file:///home/tyc/Projects/NYIAN/style.css
[Server(16735) file:///home/tyc/Projects/NYIAN] Document changed: file:///home/tyc/Projects/NYIAN/style.css
[Server(16735) file:///home/tyc/Projects/NYIAN] Document changed: file:///home/tyc/Projects/NYIAN/style.css
[Server(16735) file:///home/tyc/Projects/NYIAN] Document changed: file:///home/tyc/Projects/NYIAN/style.css
[Server(16735) file:///home/tyc/Projects/NYIAN] Document changed: file:///home/tyc/Projects/NYIAN/style.css
[Server(16735) file:///home/tyc/Projects/NYIAN] Document changed: file:///home/tyc/Projects/NYIAN/style.css
[Server(16735) file:///home/tyc/Projects/NYIAN] Document changed: file:///home/tyc/Projects/NYIAN/style.css
[Server(16735) file:///home/tyc/Projects/NYIAN] Document changed: file:///home/tyc/Projects/NYIAN/style.css
[Server(16735) file:///home/tyc/Projects/NYIAN] Document changed: file:///home/tyc/Projects/NYIAN/style.css
[Server(16735) file:///home/tyc/Projects/NYIAN] Document changed: file:///home/tyc/Projects/NYIAN/style.css
[Server(16735) file:///home/tyc/Projects/NYIAN] Document changed: file:///home/tyc/Projects/NYIAN/style.css
[Server(16735) file:///home/tyc/Projects/NYIAN] Document changed: file:///home/tyc/Projects/NYIAN/style.css
[Server(16735) file:///home/tyc/Projects/NYIAN] Document changed: file:///home/tyc/Projects/NYIAN/style.css
[Server(16735) file:///home/tyc/Projects/NYIAN] Document changed: file:///home/tyc/Projects/NYIAN/style.css
[Server(16735) file:///home/tyc/Projects/NYIAN] Document changed: file:///home/tyc/Projects/NYIAN/style.css
[Server(16735) file:///home/tyc/Projects/NYIAN] Document changed: file:///home/tyc/Projects/NYIAN/style.css
[Server(16735) file:///home/tyc/Projects/NYIAN] Document changed: file:///home/tyc/Projects/NYIAN/style.css
[Server(16735) file:///home/tyc/Projects/NYIAN] Document changed: file:///home/tyc/Projects/NYIAN/style.css
[Server(16735) file:///home/tyc/Projects/NYIAN] Document changed: file:///home/tyc/Projects/NYIAN/style.css
[Server(16735) file:///home/tyc/Projects/NYIAN] Document changed: file:///home/tyc/Projects/NYIAN/style.css
[Server(16735) file:///home/tyc/Projects/NYIAN] Document changed: file:///home/tyc/Projects/NYIAN/style.css
[Server(16735) file:///home/tyc/Projects/NYIAN] Document changed: file:///home/tyc/Projects/NYIAN/style.css
[Server(16735) file:///home/tyc/Projects/NYIAN] Document changed: file:///home/tyc/Projects/NYIAN/style.css
[Server(16735) file:///home/tyc/Projects/NYIAN] Document changed: file:///home/tyc/Projects/NYIAN/style.css
[Server(16735) file:///home/tyc/Projects/NYIAN] Document changed: file:///home/tyc/Projects/NYIAN/style.css
[Server(16735) file:///home/tyc/Projects/NYIAN] Document changed: file:///home/tyc/Projects/NYIAN/style.css
[Server(16735) file:///home/tyc/Projects/NYIAN] Document changed: file:///home/tyc/Projects/NYIAN/style.css
[Server(16735) file:///home/tyc/Projects/NYIAN] Document changed: file:///home/tyc/Projects/NYIAN/style.css
[Server(16735) file:///home/tyc/Projects/NYIAN] Document changed: file:///home/tyc/Projects/NYIAN/style.css
[Server(16735) file:///home/tyc/Projects/NYIAN] Document changed: file:///home/tyc/Projects/NYIAN/style.css
[Server(16735) file:///home/tyc/Projects/NYIAN] Document changed: file:///home/tyc/Projects/NYIAN/style.css
[Server(16735) file:///home/tyc/Projects/NYIAN] Document changed: file:///home/tyc/Projects/NYIAN/style.css
[Server(16735) file:///home/tyc/Projects/NYIAN] Document changed: file:///home/tyc/Projects/NYIAN/style.css
[Server(16735) file:///home/tyc/Projects/NYIAN] Document changed: file:///home/tyc/Projects/NYIAN/style.css
[Server(16735) file:///home/tyc/Projects/NYIAN] Document changed: file:///home/tyc/Projects/NYIAN/style.css
[Server(16735) file:///home/tyc/Projects/NYIAN] Document changed: file:///home/tyc/Projects/NYIAN/style.css
[Server(16735) file:///home/tyc/Projects/NYIAN] Document changed: file:///home/tyc/Projects/NYIAN/style.css
[Server(16735) file:///home/tyc/Projects/NYIAN] Document changed: file:///home/tyc/Projects/NYIAN/style.css
[Server(16735) file:///home/tyc/Projects/NYIAN] Document changed: file:///home/tyc/Projects/NYIAN/style.css
[Server(16735) file:///home/tyc/Projects/NYIAN] Document changed: file:///home/tyc/Projects/NYIAN/style.css
[Server(16735) file:///home/tyc/Projects/NYIAN] Document changed: file:///home/tyc/Projects/NYIAN/style.css
[Server(16735) file:///home/tyc/Projects/NYIAN] Document changed: file:///home/tyc/Projects/NYIAN/style.css
[Server(16735) file:///home/tyc/Projects/NYIAN] Document changed: file:///home/tyc/Projects/NYIAN/style.css
[Server(16735) file:///home/tyc/Projects/NYIAN] Document changed: file:///home/tyc/Projects/NYIAN/style.css
[Server(16735) file:///home/tyc/Projects/NYIAN] Document changed: file:///home/tyc/Projects/NYIAN/style.css
[Server(16735) file:///home/tyc/Projects/NYIAN] Document changed: file:///home/tyc/Projects/NYIAN/style.css
[Server(16735) file:///home/tyc/Projects/NYIAN] Document changed: file:///home/tyc/Projects/NYIAN/style.css
[Server(16735) file:///home/tyc/Projects/NYIAN] Document changed: file:///home/tyc/Projects/NYIAN/style.css
[Server(16735) file:///home/tyc/Projects/NYIAN] Document changed: file:///home/tyc/Projects/NYIAN/style.css
[Server(16735) file:///home/tyc/Projects/NYIAN] Document changed: file:///home/tyc/Projects/NYIAN/style.css
[Server(16735) file:///home/tyc/Projects/NYIAN] Document changed: file:///home/tyc/Projects/NYIAN/style.css
[Server(16735) file:///home/tyc/Projects/NYIAN] Document changed: file:///home/tyc/Projects/NYIAN/style.css
[Server(16735) file:///home/tyc/Projects/NYIAN] Document changed: file:///home/tyc/Projects/NYIAN/style.css
[Server(16735) file:///home/tyc/Projects/NYIAN] Document changed: file:///home/tyc/Projects/NYIAN/style.css
[Server(16735) file:///home/tyc/Projects/NYIAN] Document changed: file:///home/tyc/Projects/NYIAN/main.html
[Server(16735) file:///home/tyc/Projects/NYIAN] Document changed: file:///home/tyc/Projects/NYIAN/main.html
[Server(16735) file:///home/tyc/Projects/NYIAN] Document changed: file:///home/tyc/Projects/NYIAN/main.html
[Server(16735) file:///home/tyc/Projects/NYIAN] Document changed: file:///home/tyc/Projects/NYIAN/main.html
Invalid Selector...
[Server(16735) file:///home/tyc/Projects/NYIAN] Document changed: file:///home/tyc/Projects/NYIAN/main.html
[Server(16735) file:///home/tyc/Projects/NYIAN] Document changed: file:///home/tyc/Projects/NYIAN/main.html
[Server(16735) file:///home/tyc/Projects/NYIAN] Document changed: file:///home/tyc/Projects/NYIAN/main.html
[Server(16735) file:///home/tyc/Projects/NYIAN] Document changed: file:///home/tyc/Projects/NYIAN/main.html
[Server(16735) file:///home/tyc/Projects/NYIAN] Document changed: file:///home/tyc/Projects/NYIAN/main.html
[Server(16735) file:///home/tyc/Projects/NYIAN] Document changed: file:///home/tyc/Projects/NYIAN/main.html
[Server(16735) file:///home/tyc/Projects/NYIAN] Document changed: file:///home/tyc/Projects/NYIAN/main.html
[Server(16735) file:///home/tyc/Projects/NYIAN] Document changed: file:///home/tyc/Projects/NYIAN/main.html
[Server(16735) file:///home/tyc/Projects/NYIAN] Document changed: file:///home/tyc/Projects/NYIAN/main.html
[Server(16735) file:///home/tyc/Projects/NYIAN] Document changed: file:///home/tyc/Projects/NYIAN/main.html
[Server(16735) file:///home/tyc/Projects/NYIAN] Document changed: file:///home/tyc/Projects/NYIAN/main.html
Invalid Selector...
[Server(16735) file:///home/tyc/Projects/NYIAN] Document changed: file:///home/tyc/Projects/NYIAN/main.html
[Server(16735) file:///home/tyc/Projects/NYIAN] Document changed: file:///home/tyc/Projects/NYIAN/main.html
[Server(16735) file:///home/tyc/Projects/NYIAN] Document changed: file:///home/tyc/Projects/NYIAN/main.html
[Server(16735) file:///home/tyc/Projects/NYIAN] Document changed: file:///home/tyc/Projects/NYIAN/main.html
[Server(16735) file:///home/tyc/Projects/NYIAN] Document changed: file:///home/tyc/Projects/NYIAN/main.html
[Server(16735) file:///home/tyc/Projects/NYIAN] Document changed: file:///home/tyc/Projects/NYIAN/main.html
Invalid Selector...
[Server(16735) file:///home/tyc/Projects/NYIAN] Document changed: file:///home/tyc/Projects/NYIAN/main.html
Invalid Selector...
Invalid Selector...
Invalid Selector...
[Server(16735) file:///home/tyc/Projects/NYIAN] Document changed: file:///home/tyc/Projects/NYIAN/style.css
[Server(16735) file:///home/tyc/Projects/NYIAN] Document changed: file:///home/tyc/Projects/NYIAN/style.css
[Server(16735) file:///home/tyc/Projects/NYIAN] Document changed: file:///home/tyc/Projects/NYIAN/style.css
[Server(16735) file:///home/tyc/Projects/NYIAN] Document changed: file:///home/tyc/Projects/NYIAN/style.css
[Server(16735) file:///home/tyc/Projects/NYIAN] Document changed: file:///home/tyc/Projects/NYIAN/style.css
[Server(16735) file:///home/tyc/Projects/NYIAN] Document changed: file:///home/tyc/Projects/NYIAN/style.css
[Server(16735) file:///home/tyc/Projects/NYIAN] Document changed: file:///home/tyc/Projects/NYIAN/style.css
[Server(16735) file:///home/tyc/Projects/NYIAN] Document changed: file:///home/tyc/Projects/NYIAN/style.css
[Server(16735) file:///home/tyc/Projects/NYIAN] Document changed: file:///home/tyc/Projects/NYIAN/style.css
[Server(16735) file:///home/tyc/Projects/NYIAN] Document changed: file:///home/tyc/Projects/NYIAN/style.css
[Server(16735) file:///home/tyc/Projects/NYIAN] Document changed: file:///home/tyc/Projects/NYIAN/style.css
[Server(16735) file:///home/tyc/Projects/NYIAN] Document changed: file:///home/tyc/Projects/NYIAN/style.css
[Server(16735) file:///home/tyc/Projects/NYIAN] Document changed: file:///home/tyc/Projects/NYIAN/style.css
[Server(16735) file:///home/tyc/Projects/NYIAN] Document changed: file:///home/tyc/Projects/NYIAN/style.css
[Server(16735) file:///home/tyc/Projects/NYIAN] Document changed: file:///home/tyc/Projects/NYIAN/main.html
[Server(16735) file:///home/tyc/Projects/NYIAN] Document changed: file:///home/tyc/Projects/NYIAN/main.html
[Server(16735) file:///home/tyc/Projects/NYIAN] Document changed: file:///home/tyc/Projects/NYIAN/main.html
[Server(16735) file:///home/tyc/Projects/NYIAN] Document changed: file:///home/tyc/Projects/NYIAN/main.html
[Server(16735) file:///home/tyc/Projects/NYIAN] Document changed: file:///home/tyc/Projects/NYIAN/main.html
[Server(16735) file:///home/tyc/Projects/NYIAN] Document changed: file:///home/tyc/Projects/NYIAN/main.html
[Server(16735) file:///home/tyc/Projects/NYIAN] Document changed: file:///home/tyc/Projects/NYIAN/main.html
[Server(16735) file:///home/tyc/Projects/NYIAN] Document changed: file:///home/tyc/Projects/NYIAN/main.html
[Server(16735) file:///home/tyc/Projects/NYIAN] Document changed: file:///home/tyc/Projects/NYIAN/main.html
[Server(16735) file:///home/tyc/Projects/NYIAN] Document changed: file:///home/tyc/Projects/NYIAN/main.html
[Server(16735) file:///home/tyc/Projects/NYIAN] Document changed: file:///home/tyc/Projects/NYIAN/main.html
[Server(16735) file:///home/tyc/Projects/NYIAN] Document changed: file:///home/tyc/Projects/NYIAN/main.html
[Server(16735) file:///home/tyc/Projects/NYIAN] Document changed: file:///home/tyc/Projects/NYIAN/main.html
[Server(16735) file:///home/tyc/Projects/NYIAN] Document changed: file:///home/tyc/Projects/NYIAN/main.html
[Server(16735) file:///home/tyc/Projects/NYIAN] Document changed: file:///home/tyc/Projects/NYIAN/main.html
[Server(16735) file:///home/tyc/Projects/NYIAN] Document changed: file:///home/tyc/Projects/NYIAN/main.html
[Server(16735) file:///home/tyc/Projects/NYIAN] Document changed: file:///home/tyc/Projects/NYIAN/main.html
[Server(16735) file:///home/tyc/Projects/NYIAN] Document changed: file:///home/tyc/Projects/NYIAN/main.html
[Server(16735) file:///home/tyc/Projects/NYIAN] Document changed: file:///home/tyc/Projects/NYIAN/style.css
[Server(16735) file:///home/tyc/Projects/NYIAN] Document changed: file:///home/tyc/Projects/NYIAN/style.css
[Server(16735) file:///home/tyc/Projects/NYIAN] Document changed: file:///home/tyc/Projects/NYIAN/style.css
[Server(16735) file:///home/tyc/Projects/NYIAN] Document changed: file:///home/tyc/Projects/NYIAN/style.css
[Server(16735) file:///home/tyc/Projects/NYIAN] Document changed: file:///home/tyc/Projects/NYIAN/main.html
[Server(16735) file:///home/tyc/Projects/NYIAN] Document changed: file:///home/tyc/Projects/NYIAN/style.css
[Server(16735) file:///home/tyc/Projects/NYIAN] Document changed: file:///home/tyc/Projects/NYIAN/style.css
[Server(16735) file:///home/tyc/Projects/NYIAN] Document changed: file:///home/tyc/Projects/NYIAN/style.css
[Server(16735) file:///home/tyc/Projects/NYIAN] Document changed: file:///home/tyc/Projects/NYIAN/style.css
[Server(16735) file:///home/tyc/Projects/NYIAN] Document changed: file:///home/tyc/Projects/NYIAN/style.css
[Server(16735) file:///home/tyc/Projects/NYIAN] Document changed: file:///home/tyc/Projects/NYIAN/style.css
[Server(16735) file:///home/tyc/Projects/NYIAN] Document changed: file:///home/tyc/Projects/NYIAN/style.css
[Server(16735) file:///home/tyc/Projects/NYIAN] Document changed: file:///home/tyc/Projects/NYIAN/style.css
[Server(16735) file:///home/tyc/Projects/NYIAN] Document changed: file:///home/tyc/Projects/NYIAN/style.css
[Server(16735) file:///home/tyc/Projects/NYIAN] Document changed: file:///home/tyc/Projects/NYIAN/style.css
[Server(16735) file:///home/tyc/Projects/NYIAN] Document changed: file:///home/tyc/Projects/NYIAN/style.css
[Server(16735) file:///home/tyc/Projects/NYIAN] Document changed: file:///home/tyc/Projects/NYIAN/style.css
[Server(16735) file:///home/tyc/Projects/NYIAN] Document changed: file:///home/tyc/Projects/NYIAN/style.css
[Server(16735) file:///home/tyc/Projects/NYIAN] Document changed: file:///home/tyc/Projects/NYIAN/style.css
[Server(16735) file:///home/tyc/Projects/NYIAN] Document changed: file:///home/tyc/Projects/NYIAN/style.css
[Server(16735) file:///home/tyc/Projects/NYIAN] Document changed: file:///home/tyc/Projects/NYIAN/main.html
[Server(16735) file:///home/tyc/Projects/NYIAN] Document changed: file:///home/tyc/Projects/NYIAN/style.css
[Server(16735) file:///home/tyc/Projects/NYIAN] Document changed: file:///home/tyc/Projects/NYIAN/style.css
[Server(16735) file:///home/tyc/Projects/NYIAN] Document changed: file:///home/tyc/Projects/NYIAN/style.css
[Server(16735) file:///home/tyc/Projects/NYIAN] Document changed: file:///home/tyc/Projects/NYIAN/style.css
[Server(16735) file:///home/tyc/Projects/NYIAN] Document changed: file:///home/tyc/Projects/NYIAN/style.css
[Server(16735) file:///home/tyc/Projects/NYIAN] Document changed: file:///home/tyc/Projects/NYIAN/style.css
[Server(16735) file:///home/tyc/Projects/NYIAN] Document changed: file:///home/tyc/Projects/NYIAN/style.css
[Server(16735) file:///home/tyc/Projects/NYIAN] Document changed: file:///home/tyc/Projects/NYIAN/style.css
[Server(16735) file:///home/tyc/Projects/NYIAN] Document changed: file:///home/tyc/Projects/NYIAN/style.css
[Server(16735) file:///home/tyc/Projects/NYIAN] Document changed: file:///home/tyc/Projects/NYIAN/style.css
[Server(16735) file:///home/tyc/Projects/NYIAN] Document changed: file:///home/tyc/Projects/NYIAN/style.css
[Server(16735) file:///home/tyc/Projects/NYIAN] Document changed: file:///home/tyc/Projects/NYIAN/style.css
[Server(16735) file:///home/tyc/Projects/NYIAN] Document changed: file:///home/tyc/Projects/NYIAN/style.css
[Server(16735) file:///home/tyc/Projects/NYIAN] Document changed: file:///home/tyc/Projects/NYIAN/style.css
[Server(16735) file:///home/tyc/Projects/NYIAN] Document changed: file:///home/tyc/Projects/NYIAN/style.css
[Server(16735) file:///home/tyc/Projects/NYIAN] Document changed: file:///home/tyc/Projects/NYIAN/style.css
[Server(16735) file:///home/tyc/Projects/NYIAN] Document changed: file:///home/tyc/Projects/NYIAN/main.html
[Server(16735) file:///home/tyc/Projects/NYIAN] Document changed: file:///home/tyc/Projects/NYIAN/style.css
[Server(16735) file:///home/tyc/Projects/NYIAN] Document changed: file:///home/tyc/Projects/NYIAN/style.css
[Server(16735) file:///home/tyc/Projects/NYIAN] Document changed: file:///home/tyc/Projects/NYIAN/style.css
[Server(16735) file:///home/tyc/Projects/NYIAN] Document changed: file:///home/tyc/Projects/NYIAN/style.css
[Server(16735) file:///home/tyc/Projects/NYIAN] Document changed: file:///home/tyc/Projects/NYIAN/style.css
[Server(16735) file:///home/tyc/Projects/NYIAN] Document changed: file:///home/tyc/Projects/NYIAN/style.css
[Server(16735) file:///home/tyc/Projects/NYIAN] Document changed: file:///home/tyc/Projects/NYIAN/style.css
[Server(16735) file:///home/tyc/Projects/NYIAN] Document changed: file:///home/tyc/Projects/NYIAN/style.css
[Server(16735) file:///home/tyc/Projects/NYIAN] Document changed: file:///home/tyc/Projects/NYIAN/style.css
[Server(16735) file:///home/tyc/Projects/NYIAN] Document changed: file:///home/tyc/Projects/NYIAN/style.css
[Server(16735) file:///home/tyc/Projects/NYIAN] Document changed: file:///home/tyc/Projects/NYIAN/main.html
[Server(16735) file:///home/tyc/Projects/NYIAN] Document changed: file:///home/tyc/Projects/NYIAN/style.css
[Server(16735) file:///home/tyc/Projects/NYIAN] Document changed: file:///home/tyc/Projects/NYIAN/style.css
[Server(16735) file:///home/tyc/Projects/NYIAN] Document changed: file:///home/tyc/Projects/NYIAN/style.css
[Server(16735) file:///home/tyc/Projects/NYIAN] Document changed: file:///home/tyc/Projects/NYIAN/style.css
[Server(16735) file:///home/tyc/Projects/NYIAN] Document changed: file:///home/tyc/Projects/NYIAN/style.css
[Server(16735) file:///home/tyc/Projects/NYIAN] Document changed: file:///home/tyc/Projects/NYIAN/style.css
[Server(16735) file:///home/tyc/Projects/NYIAN] Document changed: file:///home/tyc/Projects/NYIAN/style.css
[Server(16735) file:///home/tyc/Projects/NYIAN] Document changed: file:///home/tyc/Projects/NYIAN/style.css
[Server(16735) file:///home/tyc/Projects/NYIAN] Document changed: file:///home/tyc/Projects/NYIAN/style.css
[Server(16735) file:///home/tyc/Projects/NYIAN] Document changed: file:///home/tyc/Projects/NYIAN/style.css
[Server(16735) file:///home/tyc/Projects/NYIAN] Document changed: file:///home/tyc/Projects/NYIAN/style.css
[Server(16735) file:///home/tyc/Projects/NYIAN] Document changed: file:///home/tyc/Projects/NYIAN/style.css
[Server(16735) file:///home/tyc/Projects/NYIAN] Document changed: file:///home/tyc/Projects/NYIAN/style.css
[Server(16735) file:///home/tyc/Projects/NYIAN] Document changed: file:///home/tyc/Projects/NYIAN/style.css
[Server(16735) file:///home/tyc/Projects/NYIAN] Document changed: file:///home/tyc/Projects/NYIAN/style.css
[Server(16735) file:///home/tyc/Projects/NYIAN] Document changed: file:///home/tyc/Projects/NYIAN/style.css
[Server(16735) file:///home/tyc/Projects/NYIAN] Document changed: file:///home/tyc/Projects/NYIAN/style.css
[Server(16735) file:///home/tyc/Projects/NYIAN] Document changed: file:///home/tyc/Projects/NYIAN/style.css
[Server(16735) file:///home/tyc/Projects/NYIAN] Document changed: file:///home/tyc/Projects/NYIAN/main.html
[Server(16735) file:///home/tyc/Projects/NYIAN] Document changed: file:///home/tyc/Projects/NYIAN/style.css
[Server(16735) file:///home/tyc/Projects/NYIAN] Document changed: file:///home/tyc/Projects/NYIAN/style.css
[Server(16735) file:///home/tyc/Projects/NYIAN] Document changed: file:///home/tyc/Projects/NYIAN/main.html
[Server(16735) file:///home/tyc/Projects/NYIAN] Document changed: file:///home/tyc/Projects/NYIAN/main.html
[Server(16735) file:///home/tyc/Projects/NYIAN] Document changed: file:///home/tyc/Projects/NYIAN/main.html
[Server(16735) file:///home/tyc/Projects/NYIAN] Document changed: file:///home/tyc/Projects/NYIAN/main.html
[Server(16735) file:///home/tyc/Projects/NYIAN] Document changed: file:///home/tyc/Projects/NYIAN/main.html
[Server(16735) file:///home/tyc/Projects/NYIAN] Document changed: file:///home/tyc/Projects/NYIAN/main.html
[Server(16735) file:///home/tyc/Projects/NYIAN] Document changed: file:///home/tyc/Projects/NYIAN/main.html
[Server(16735) file:///home/tyc/Projects/NYIAN] Document changed: file:///home/tyc/Projects/NYIAN/main.html
[Server(16735) file:///home/tyc/Projects/NYIAN] Document changed: file:///home/tyc/Projects/NYIAN/main.html
[Server(16735) file:///home/tyc/Projects/NYIAN] Document changed: file:///home/tyc/Projects/NYIAN/main.html
[Server(16735) file:///home/tyc/Projects/NYIAN] Document changed: file:///home/tyc/Projects/NYIAN/main.html
[Server(16735) file:///home/tyc/Projects/NYIAN] Document changed: file:///home/tyc/Projects/NYIAN/main.html
[Server(16735) file:///home/tyc/Projects/NYIAN] Document changed: file:///home/tyc/Projects/NYIAN/main.html
[Server(16735) file:///home/tyc/Projects/NYIAN] Document changed: file:///home/tyc/Projects/NYIAN/main.html
[Server(16735) file:///home/tyc/Projects/NYIAN] Document changed: file:///home/tyc/Projects/NYIAN/main.html
[Server(16735) file:///home/tyc/Projects/NYIAN] Document changed: file:///home/tyc/Projects/NYIAN/main.html
[Server(16735) file:///home/tyc/Projects/NYIAN] Document changed: file:///home/tyc/Projects/NYIAN/main.html
[Server(16735) file:///home/tyc/Projects/NYIAN] Document changed: file:///home/tyc/Projects/NYIAN/main.html
[Server(16735) file:///home/tyc/Projects/NYIAN] Document changed: file:///home/tyc/Projects/NYIAN/main.html
[Server(16735) file:///home/tyc/Projects/NYIAN] Document changed: file:///home/tyc/Projects/NYIAN/main.html
[Server(16735) file:///home/tyc/Projects/NYIAN] Document changed: file:///home/tyc/Projects/NYIAN/main.html
[Server(16735) file:///home/tyc/Projects/NYIAN] Document changed: file:///home/tyc/Projects/NYIAN/main.html
[Server(16735) file:///home/tyc/Projects/NYIAN] Document changed: file:///home/tyc/Projects/NYIAN/main.html
[Server(16735) file:///home/tyc/Projects/NYIAN] Document changed: file:///home/tyc/Projects/NYIAN/main.html
[Server(16735) file:///home/tyc/Projects/NYIAN] Document changed: file:///home/tyc/Projects/NYIAN/main.html
[Server(16735) file:///home/tyc/Projects/NYIAN] Document changed: file:///home/tyc/Projects/NYIAN/main.html
[Server(16735) file:///home/tyc/Projects/NYIAN] Document changed: file:///home/tyc/Projects/NYIAN/main.html
[Server(16735) file:///home/tyc/Projects/NYIAN] Document changed: file:///home/tyc/Projects/NYIAN/main.html
[Server(16735) file:///home/tyc/Projects/NYIAN] Document changed: file:///home/tyc/Projects/NYIAN/main.html
Invalid Selector...
[Server(16735) file:///home/tyc/Projects/NYIAN] Document changed: file:///home/tyc/Projects/NYIAN/main.html
Invalid Selector...
[Server(16735) file:///home/tyc/Projects/NYIAN] Document changed: file:///home/tyc/Projects/NYIAN/main.html
[Server(16735) file:///home/tyc/Projects/NYIAN] Document changed: file:///home/tyc/Projects/NYIAN/main.html
[Server(16735) file:///home/tyc/Projects/NYIAN] Document changed: file:///home/tyc/Projects/NYIAN/main.html
[Server(16735) file:///home/tyc/Projects/NYIAN] Document changed: file:///home/tyc/Projects/NYIAN/main.html
[Server(16735) file:///home/tyc/Projects/NYIAN] Document changed: file:///home/tyc/Projects/NYIAN/main.html
[Server(16735) file:///home/tyc/Projects/NYIAN] Document changed: file:///home/tyc/Projects/NYIAN/main.html
[Server(16735) file:///home/tyc/Projects/NYIAN] Document changed: file:///home/tyc/Projects/NYIAN/main.html
[Server(16735) file:///home/tyc/Projects/NYIAN] Document changed: file:///home/tyc/Projects/NYIAN/main.html
[Server(16735) file:///home/tyc/Projects/NYIAN] Document changed: file:///home/tyc/Projects/NYIAN/main.html
[Server(16735) file:///home/tyc/Projects/NYIAN] Document changed: file:///home/tyc/Projects/NYIAN/main.html
[Server(16735) file:///home/tyc/Projects/NYIAN] Document changed: file:///home/tyc/Projects/NYIAN/main.html
[Server(16735) file:///home/tyc/Projects/NYIAN] Document changed: file:///home/tyc/Projects/NYIAN/main.html
[Server(16735) file:///home/tyc/Projects/NYIAN] Document changed: file:///home/tyc/Projects/NYIAN/main.html
[Server(16735) file:///home/tyc/Projects/NYIAN] Document changed: file:///home/tyc/Projects/NYIAN/main.html
[Server(16735) file:///home/tyc/Projects/NYIAN] Document changed: file:///home/tyc/Projects/NYIAN/main.html
[Server(16735) file:///home/tyc/Projects/NYIAN] Document changed: file:///home/tyc/Projects/NYIAN/main.html
[Server(16735) file:///home/tyc/Projects/NYIAN] Document changed: file:///home/tyc/Projects/NYIAN/main.html
[Server(16735) file:///home/tyc/Projects/NYIAN] Document changed: file:///home/tyc/Projects/NYIAN/main.html
[Server(16735) file:///home/tyc/Projects/NYIAN] Document changed: file:///home/tyc/Projects/NYIAN/main.html
[Server(16735) file:///home/tyc/Projects/NYIAN] Document changed: file:///home/tyc/Projects/NYIAN/main.html
[Server(16735) file:///home/tyc/Projects/NYIAN] Document changed: file:///home/tyc/Projects/NYIAN/main.html
[Server(16735) file:///home/tyc/Projects/NYIAN] Document changed: file:///home/tyc/Projects/NYIAN/main.html
[Server(16735) file:///home/tyc/Projects/NYIAN] Document changed: file:///home/tyc/Projects/NYIAN/main.html
[Server(16735) file:///home/tyc/Projects/NYIAN] Document changed: file:///home/tyc/Projects/NYIAN/main.html
[Server(16735) file:///home/tyc/Projects/NYIAN] Document changed: file:///home/tyc/Projects/NYIAN/main.html
[Server(16735) file:///home/tyc/Projects/NYIAN] Document changed: file:///home/tyc/Projects/NYIAN/main.html
[Server(16735) file:///home/tyc/Projects/NYIAN] Document changed: file:///home/tyc/Projects/NYIAN/main.html
Invalid Selector...
Found CSS selector of type class and value active
Searching for symbol
Found 5 symbols in file:///home/tyc/Projects/NYIAN/style.css
[Server(16735) file:///home/tyc/Projects/NYIAN] Document changed: file:///home/tyc/Projects/NYIAN/style.css
[Server(16735) file:///home/tyc/Projects/NYIAN] Document changed: file:///home/tyc/Projects/NYIAN/style.css
[Server(16735) file:///home/tyc/Projects/NYIAN] Document changed: file:///home/tyc/Projects/NYIAN/style.css
[Server(16735) file:///home/tyc/Projects/NYIAN] Document changed: file:///home/tyc/Projects/NYIAN/style.css
[Server(16735) file:///home/tyc/Projects/NYIAN] Document changed: file:///home/tyc/Projects/NYIAN/style.css
[Server(16735) file:///home/tyc/Projects/NYIAN] Document changed: file:///home/tyc/Projects/NYIAN/style.css
[Server(16735) file:///home/tyc/Projects/NYIAN] Document changed: file:///home/tyc/Projects/NYIAN/style.css
[Server(16735) file:///home/tyc/Projects/NYIAN] Document changed: file:///home/tyc/Projects/NYIAN/style.css
[Server(16735) file:///home/tyc/Projects/NYIAN] Document changed: file:///home/tyc/Projects/NYIAN/style.css
[Server(16735) file:///home/tyc/Projects/NYIAN] Document changed: file:///home/tyc/Projects/NYIAN/style.css
[Server(16735) file:///home/tyc/Projects/NYIAN] Document changed: file:///home/tyc/Projects/NYIAN/style.css
[Server(16735) file:///home/tyc/Projects/NYIAN] Document changed: file:///home/tyc/Projects/NYIAN/style.css
[Server(16735) file:///home/tyc/Projects/NYIAN] Document changed: file:///home/tyc/Projects/NYIAN/style.css
[Server(16735) file:///home/tyc/Projects/NYIAN] Document changed: file:///home/tyc/Projects/NYIAN/style.css
[Server(16735) file:///home/tyc/Projects/NYIAN] Document changed: file:///home/tyc/Projects/NYIAN/style.css
[Server(16735) file:///home/tyc/Projects/NYIAN] Document changed: file:///home/tyc/Projects/NYIAN/style.css
[Server(16735) file:///home/tyc/Projects/NYIAN] Document changed: file:///home/tyc/Projects/NYIAN/style.css
[Server(16735) file:///home/tyc/Projects/NYIAN] Document changed: file:///home/tyc/Projects/NYIAN/style.css
[Server(16735) file:///home/tyc/Projects/NYIAN] Document changed: file:///home/tyc/Projects/NYIAN/style.css
[Server(16735) file:///home/tyc/Projects/NYIAN] Document changed: file:///home/tyc/Projects/NYIAN/style.css
[Server(16735) file:///home/tyc/Projects/NYIAN] Document changed: file:///home/tyc/Projects/NYIAN/style.css
[Server(16735) file:///home/tyc/Projects/NYIAN] Document changed: file:///home/tyc/Projects/NYIAN/style.css
[Server(16735) file:///home/tyc/Projects/NYIAN] Document changed: file:///home/tyc/Projects/NYIAN/style.css
[Server(16735) file:///home/tyc/Projects/NYIAN] Document changed: file:///home/tyc/Projects/NYIAN/style.css
[Server(16735) file:///home/tyc/Projects/NYIAN] Document changed: file:///home/tyc/Projects/NYIAN/style.css
[Server(16735) file:///home/tyc/Projects/NYIAN] Document changed: file:///home/tyc/Projects/NYIAN/style.css
[Server(16735) file:///home/tyc/Projects/NYIAN] Document changed: file:///home/tyc/Projects/NYIAN/style.css
[Server(16735) file:///home/tyc/Projects/NYIAN] Document changed: file:///home/tyc/Projects/NYIAN/style.css
[Server(16735) file:///home/tyc/Projects/NYIAN] Document changed: file:///home/tyc/Projects/NYIAN/style.css
[Server(16735) file:///home/tyc/Projects/NYIAN] Document changed: file:///home/tyc/Projects/NYIAN/style.css
[Server(16735) file:///home/tyc/Projects/NYIAN] Document changed: file:///home/tyc/Projects/NYIAN/style.css
[Server(16735) file:///home/tyc/Projects/NYIAN] Document changed: file:///home/tyc/Projects/NYIAN/style.css
[Server(16735) file:///home/tyc/Projects/NYIAN] Document changed: file:///home/tyc/Projects/NYIAN/style.css
[Server(16735) file:///home/tyc/Projects/NYIAN] Document changed: file:///home/tyc/Projects/NYIAN/style.css
[Server(16735) file:///home/tyc/Projects/NYIAN] Document changed: file:///home/tyc/Projects/NYIAN/style.css
[Server(16735) file:///home/tyc/Projects/NYIAN] Document changed: file:///home/tyc/Projects/NYIAN/style.css
[Server(16735) file:///home/tyc/Projects/NYIAN] Document changed: file:///home/tyc/Projects/NYIAN/style.css
[Server(16735) file:///home/tyc/Projects/NYIAN] Document changed: file:///home/tyc/Projects/NYIAN/style.css
[Server(16735) file:///home/tyc/Projects/NYIAN] Document changed: file:///home/tyc/Projects/NYIAN/style.css
[Server(16735) file:///home/tyc/Projects/NYIAN] Document changed: file:///home/tyc/Projects/NYIAN/style.css
[Server(16735) file:///home/tyc/Projects/NYIAN] Document changed: file:///home/tyc/Projects/NYIAN/style.css
[Server(16735) file:///home/tyc/Projects/NYIAN] Document changed: file:///home/tyc/Projects/NYIAN/style.css
[Server(16735) file:///home/tyc/Projects/NYIAN] Document changed: file:///home/tyc/Projects/NYIAN/style.css
[Server(16735) file:///home/tyc/Projects/NYIAN] Document changed: file:///home/tyc/Projects/NYIAN/style.css
[Server(16735) file:///home/tyc/Projects/NYIAN] Document changed: file:///home/tyc/Projects/NYIAN/style.css
[Server(16735) file:///home/tyc/Projects/NYIAN] Document opened: file:///home/tyc/Projects/NYIAN/main.html
[Server(16735) file:///home/tyc/Projects/NYIAN] Document changed: file:///home/tyc/Projects/NYIAN/main.html
[Server(16735) file:///home/tyc/Projects/NYIAN] Document changed: file:///home/tyc/Projects/NYIAN/main.html
[Server(16735) file:///home/tyc/Projects/NYIAN] Document changed: file:///home/tyc/Projects/NYIAN/main.html
[Server(16735) file:///home/tyc/Projects/NYIAN] Document changed: file:///home/tyc/Projects/NYIAN/main.html
[Server(16735) file:///home/tyc/Projects/NYIAN] Document changed: file:///home/tyc/Projects/NYIAN/main.html
[Server(16735) file:///home/tyc/Projects/NYIAN] Document changed: file:///home/tyc/Projects/NYIAN/main.html
[Server(16735) file:///home/tyc/Projects/NYIAN] Document changed: file:///home/tyc/Projects/NYIAN/main.html
[Server(16735) file:///home/tyc/Projects/NYIAN] Document changed: file:///home/tyc/Projects/NYIAN/main.html
[Server(16735) file:///home/tyc/Projects/NYIAN] Document changed: file:///home/tyc/Projects/NYIAN/main.html
[Server(16735) file:///home/tyc/Projects/NYIAN] Document changed: file:///home/tyc/Projects/NYIAN/main.html
[Server(16735) file:///home/tyc/Projects/NYIAN] Document changed: file:///home/tyc/Projects/NYIAN/main.html
[Server(16735) file:///home/tyc/Projects/NYIAN] Document changed: file:///home/tyc/Projects/NYIAN/main.html
[Server(16735) file:///home/tyc/Projects/NYIAN] Document changed: file:///home/tyc/Projects/NYIAN/main.html
[Server(16735) file:///home/tyc/Projects/NYIAN] Document changed: file:///home/tyc/Projects/NYIAN/main.html
[Server(16735) file:///home/tyc/Projects/NYIAN] Document changed: file:///home/tyc/Projects/NYIAN/main.html
[Server(16735) file:///home/tyc/Projects/NYIAN] Document changed: file:///home/tyc/Projects/NYIAN/main.html
[Server(16735) file:///home/tyc/Projects/NYIAN] Document changed: file:///home/tyc/Projects/NYIAN/main.html
[Server(16735) file:///home/tyc/Projects/NYIAN] Document changed: file:///home/tyc/Projects/NYIAN/main.html
[Server(16735) file:///home/tyc/Projects/NYIAN] Document changed: file:///home/tyc/Projects/NYIAN/main.html
[Server(16735) file:///home/tyc/Projects/NYIAN] Document changed: file:///home/tyc/Projects/NYIAN/main.html
[Server(16735) file:///home/tyc/Projects/NYIAN] Document changed: file:///home/tyc/Projects/NYIAN/main.html
[Server(16735) file:///home/tyc/Projects/NYIAN] Document changed: file:///home/tyc/Projects/NYIAN/main.html
[Server(16735) file:///home/tyc/Projects/NYIAN] Document changed: file:///home/tyc/Projects/NYIAN/main.html
[Server(16735) file:///home/tyc/Projects/NYIAN] Document changed: file:///home/tyc/Projects/NYIAN/main.html
[Server(16735) file:///home/tyc/Projects/NYIAN] Document changed: file:///home/tyc/Projects/NYIAN/main.html
[Server(16735) file:///home/tyc/Projects/NYIAN] Document changed: file:///home/tyc/Projects/NYIAN/main.html
[Server(16735) file:///home/tyc/Projects/NYIAN] Document changed: file:///home/tyc/Projects/NYIAN/main.html
[Server(16735) file:///home/tyc/Projects/NYIAN] Document changed: file:///home/tyc/Projects/NYIAN/main.html
[Server(16735) file:///home/tyc/Projects/NYIAN] Document changed: file:///home/tyc/Projects/NYIAN/main.html
[Server(16735) file:///home/tyc/Projects/NYIAN] Document changed: file:///home/tyc/Projects/NYIAN/main.html
[Server(16735) file:///home/tyc/Projects/NYIAN] Document changed: file:///home/tyc/Projects/NYIAN/main.html
[Server(16735) file:///home/tyc/Projects/NYIAN] Document changed: file:///home/tyc/Projects/NYIAN/main.html
[Server(16735) file:///home/tyc/Projects/NYIAN] Document changed: file:///home/tyc/Projects/NYIAN/main.html
[Server(16735) file:///home/tyc/Projects/NYIAN] Document changed: file:///home/tyc/Projects/NYIAN/main.html
[Server(16735) file:///home/tyc/Projects/NYIAN] Document changed: file:///home/tyc/Projects/NYIAN/main.html
[Server(16735) file:///home/tyc/Projects/NYIAN] Document changed: file:///home/tyc/Projects/NYIAN/main.html
[Server(16735) file:///home/tyc/Projects/NYIAN] Document changed: file:///home/tyc/Projects/NYIAN/main.html
[Server(16735) file:///home/tyc/Projects/NYIAN] Document changed: file:///home/tyc/Projects/NYIAN/main.html
Invalid Selector...
[Server(16735) file:///home/tyc/Projects/NYIAN] Document changed: file:///home/tyc/Projects/NYIAN/main.html
[Server(16735) file:///home/tyc/Projects/NYIAN] Document changed: file:///home/tyc/Projects/NYIAN/main.html
[Server(16735) file:///home/tyc/Projects/NYIAN] Document changed: file:///home/tyc/Projects/NYIAN/main.html
[Server(16735) file:///home/tyc/Projects/NYIAN] Document changed: file:///home/tyc/Projects/NYIAN/main.html
[Server(16735) file:///home/tyc/Projects/NYIAN] Document changed: file:///home/tyc/Projects/NYIAN/style.css
[Server(16735) file:///home/tyc/Projects/NYIAN] Document changed: file:///home/tyc/Projects/NYIAN/style.css
[Server(16735) file:///home/tyc/Projects/NYIAN] Document changed: file:///home/tyc/Projects/NYIAN/style.css
[Server(16735) file:///home/tyc/Projects/NYIAN] Document changed: file:///home/tyc/Projects/NYIAN/style.css
[Server(16735) file:///home/tyc/Projects/NYIAN] Document changed: file:///home/tyc/Projects/NYIAN/style.css
[Server(16735) file:///home/tyc/Projects/NYIAN] Document changed: file:///home/tyc/Projects/NYIAN/style.css
[Server(16735) file:///home/tyc/Projects/NYIAN] Document changed: file:///home/tyc/Projects/NYIAN/style.css
[Server(16735) file:///home/tyc/Projects/NYIAN] Document changed: file:///home/tyc/Projects/NYIAN/style.css
[Server(16735) file:///home/tyc/Projects/NYIAN] Document changed: file:///home/tyc/Projects/NYIAN/style.css
[Server(16735) file:///home/tyc/Projects/NYIAN] Document changed: file:///home/tyc/Projects/NYIAN/style.css
[Server(16735) file:///home/tyc/Projects/NYIAN] Document changed: file:///home/tyc/Projects/NYIAN/style.css
[Server(16735) file:///home/tyc/Projects/NYIAN] Document changed: file:///home/tyc/Projects/NYIAN/style.css
[Server(16735) file:///home/tyc/Projects/NYIAN] Document changed: file:///home/tyc/Projects/NYIAN/style.css
[Server(16735) file:///home/tyc/Projects/NYIAN] Document changed: file:///home/tyc/Projects/NYIAN/style.css
[Server(16735) file:///home/tyc/Projects/NYIAN] Document changed: file:///home/tyc/Projects/NYIAN/style.css
[Server(16735) file:///home/tyc/Projects/NYIAN] Document changed: file:///home/tyc/Projects/NYIAN/style.css
[Server(16735) file:///home/tyc/Projects/NYIAN] Document changed: file:///home/tyc/Projects/NYIAN/style.css
[Server(16735) file:///home/tyc/Projects/NYIAN] Document changed: file:///home/tyc/Projects/NYIAN/style.css
[Server(16735) file:///home/tyc/Projects/NYIAN] Document changed: file:///home/tyc/Projects/NYIAN/style.css
[Server(16735) file:///home/tyc/Projects/NYIAN] Document changed: file:///home/tyc/Projects/NYIAN/style.css
[Server(16735) file:///home/tyc/Projects/NYIAN] Document changed: file:///home/tyc/Projects/NYIAN/style.css
[Server(16735) file:///home/tyc/Projects/NYIAN] Document changed: file:///home/tyc/Projects/NYIAN/style.css
[Server(16735) file:///home/tyc/Projects/NYIAN] Document changed: file:///home/tyc/Projects/NYIAN/style.css
[Server(16735) file:///home/tyc/Projects/NYIAN] Document changed: file:///home/tyc/Projects/NYIAN/style.css
[Server(16735) file:///home/tyc/Projects/NYIAN] Document changed: file:///home/tyc/Projects/NYIAN/style.css
[Server(16735) file:///home/tyc/Projects/NYIAN] Document changed: file:///home/tyc/Projects/NYIAN/style.css
[Server(16735) file:///home/tyc/Projects/NYIAN] Document changed: file:///home/tyc/Projects/NYIAN/style.css
[Server(16735) file:///home/tyc/Projects/NYIAN] Document changed: file:///home/tyc/Projects/NYIAN/style.css
[Server(16735) file:///home/tyc/Projects/NYIAN] Document changed: file:///home/tyc/Projects/NYIAN/style.css
[Server(16735) file:///home/tyc/Projects/NYIAN] Document changed: file:///home/tyc/Projects/NYIAN/style.css
[Server(16735) file:///home/tyc/Projects/NYIAN] Document changed: file:///home/tyc/Projects/NYIAN/style.css
[Server(16735) file:///home/tyc/Projects/NYIAN] Document changed: file:///home/tyc/Projects/NYIAN/style.css
[Server(16735) file:///home/tyc/Projects/NYIAN] Document changed: file:///home/tyc/Projects/NYIAN/style.css
[Server(16735) file:///home/tyc/Projects/NYIAN] Document changed: file:///home/tyc/Projects/NYIAN/style.css
[Server(16735) file:///home/tyc/Projects/NYIAN] Document changed: file:///home/tyc/Projects/NYIAN/style.css
[Server(16735) file:///home/tyc/Projects/NYIAN] Document changed: file:///home/tyc/Projects/NYIAN/style.css
[Server(16735) file:///home/tyc/Projects/NYIAN] Document changed: file:///home/tyc/Projects/NYIAN/style.css
[Server(16735) file:///home/tyc/Projects/NYIAN] Document changed: file:///home/tyc/Projects/NYIAN/style.css
[Server(16735) file:///home/tyc/Projects/NYIAN] Document changed: file:///home/tyc/Projects/NYIAN/style.css
[Server(16735) file:///home/tyc/Projects/NYIAN] Document changed: file:///home/tyc/Projects/NYIAN/style.css
[Server(16735) file:///home/tyc/Projects/NYIAN] Document changed: file:///home/tyc/Projects/NYIAN/style.css
[Server(16735) file:///home/tyc/Projects/NYIAN] Document changed: file:///home/tyc/Projects/NYIAN/style.css
[Server(16735) file:///home/tyc/Projects/NYIAN] Document changed: file:///home/tyc/Projects/NYIAN/style.css
[Server(16735) file:///home/tyc/Projects/NYIAN] Document changed: file:///home/tyc/Projects/NYIAN/main.html
Invalid Selector...
[Server(16735) file:///home/tyc/Projects/NYIAN] Document changed: file:///home/tyc/Projects/NYIAN/main.html
[Server(16735) file:///home/tyc/Projects/NYIAN] Document changed: file:///home/tyc/Projects/NYIAN/main.html
[Server(16735) file:///home/tyc/Projects/NYIAN] Document changed: file:///home/tyc/Projects/NYIAN/main.html
[Server(16735) file:///home/tyc/Projects/NYIAN] Document changed: file:///home/tyc/Projects/NYIAN/main.html
[Server(16735) file:///home/tyc/Projects/NYIAN] Document changed: file:///home/tyc/Projects/NYIAN/main.html
[Server(16735) file:///home/tyc/Projects/NYIAN] Document changed: file:///home/tyc/Projects/NYIAN/main.html
[Server(16735) file:///home/tyc/Projects/NYIAN] Document changed: file:///home/tyc/Projects/NYIAN/main.html
[Server(16735) file:///home/tyc/Projects/NYIAN] Document changed: file:///home/tyc/Projects/NYIAN/main.html
[Server(16735) file:///home/tyc/Projects/NYIAN] Document changed: file:///home/tyc/Projects/NYIAN/main.html
[Server(16735) file:///home/tyc/Projects/NYIAN] Document changed: file:///home/tyc/Projects/NYIAN/main.html
[Server(16735) file:///home/tyc/Projects/NYIAN] Document changed: file:///home/tyc/Projects/NYIAN/main.html
[Server(16735) file:///home/tyc/Projects/NYIAN] Document changed: file:///home/tyc/Projects/NYIAN/main.html
[Server(16735) file:///home/tyc/Projects/NYIAN] Document changed: file:///home/tyc/Projects/NYIAN/main.html
[Server(16735) file:///home/tyc/Projects/NYIAN] Document changed: file:///home/tyc/Projects/NYIAN/main.html
[Server(16735) file:///home/tyc/Projects/NYIAN] Document changed: file:///home/tyc/Projects/NYIAN/main.html
[Server(16735) file:///home/tyc/Projects/NYIAN] Document changed: file:///home/tyc/Projects/NYIAN/main.html
[Server(16735) file:///home/tyc/Projects/NYIAN] Document changed: file:///home/tyc/Projects/NYIAN/main.html
[Server(16735) file:///home/tyc/Projects/NYIAN] Document changed: file:///home/tyc/Projects/NYIAN/main.html
[Server(16735) file:///home/tyc/Projects/NYIAN] Document changed: file:///home/tyc/Projects/NYIAN/main.html
[Server(16735) file:///home/tyc/Projects/NYIAN] Document changed: file:///home/tyc/Projects/NYIAN/main.html
[Server(16735) file:///home/tyc/Projects/NYIAN] Document changed: file:///home/tyc/Projects/NYIAN/main.html
[Server(16735) file:///home/tyc/Projects/NYIAN] Document changed: file:///home/tyc/Projects/NYIAN/main.html
[Server(16735) file:///home/tyc/Projects/NYIAN] Document changed: file:///home/tyc/Projects/NYIAN/main.html
[Server(16735) file:///home/tyc/Projects/NYIAN] Document changed: file:///home/tyc/Projects/NYIAN/main.html
[Server(16735) file:///home/tyc/Projects/NYIAN] Document changed: file:///home/tyc/Projects/NYIAN/main.html
[Server(16735) file:///home/tyc/Projects/NYIAN] Document changed: file:///home/tyc/Projects/NYIAN/main.html
[Server(16735) file:///home/tyc/Projects/NYIAN] Document changed: file:///home/tyc/Projects/NYIAN/main.html
[Server(16735) file:///home/tyc/Projects/NYIAN] Document changed: file:///home/tyc/Projects/NYIAN/main.html
[Server(16735) file:///home/tyc/Projects/NYIAN] Document changed: file:///home/tyc/Projects/NYIAN/main.html
[Server(16735) file:///home/tyc/Projects/NYIAN] Document changed: file:///home/tyc/Projects/NYIAN/main.html
[Server(16735) file:///home/tyc/Projects/NYIAN] Document changed: file:///home/tyc/Projects/NYIAN/main.html
[Server(16735) file:///home/tyc/Projects/NYIAN] Document changed: file:///home/tyc/Projects/NYIAN/main.html
[Server(16735) file:///home/tyc/Projects/NYIAN] Document changed: file:///home/tyc/Projects/NYIAN/main.html
[Server(16735) file:///home/tyc/Projects/NYIAN] Document changed: file:///home/tyc/Projects/NYIAN/main.html
[Server(16735) file:///home/tyc/Projects/NYIAN] Document changed: file:///home/tyc/Projects/NYIAN/main.html
[Server(16735) file:///home/tyc/Projects/NYIAN] Document changed: file:///home/tyc/Projects/NYIAN/main.html
[Server(16735) file:///home/tyc/Projects/NYIAN] Document changed: file:///home/tyc/Projects/NYIAN/main.html
[Server(16735) file:///home/tyc/Projects/NYIAN] Document changed: file:///home/tyc/Projects/NYIAN/main.html
[Server(16735) file:///home/tyc/Projects/NYIAN] Document changed: file:///home/tyc/Projects/NYIAN/main.html
[Server(16735) file:///home/tyc/Projects/NYIAN] Document changed: file:///home/tyc/Projects/NYIAN/main.html
[Server(16735) file:///home/tyc/Projects/NYIAN] Document changed: file:///home/tyc/Projects/NYIAN/main.html
[Server(16735) file:///home/tyc/Projects/NYIAN] Document changed: file:///home/tyc/Projects/NYIAN/main.html
[Server(16735) file:///home/tyc/Projects/NYIAN] Document changed: file:///home/tyc/Projects/NYIAN/style.css
[Server(16735) file:///home/tyc/Projects/NYIAN] Document changed: file:///home/tyc/Projects/NYIAN/style.css
[Server(16735) file:///home/tyc/Projects/NYIAN] Document changed: file:///home/tyc/Projects/NYIAN/style.css
[Server(16735) file:///home/tyc/Projects/NYIAN] Document changed: file:///home/tyc/Projects/NYIAN/style.css
[Server(16735) file:///home/tyc/Projects/NYIAN] Document changed: file:///home/tyc/Projects/NYIAN/style.css
[Server(16735) file:///home/tyc/Projects/NYIAN] Document changed: file:///home/tyc/Projects/NYIAN/style.css
[Server(16735) file:///home/tyc/Projects/NYIAN] Document changed: file:///home/tyc/Projects/NYIAN/style.css
[Server(16735) file:///home/tyc/Projects/NYIAN] Document changed: file:///home/tyc/Projects/NYIAN/style.css
[Server(16735) file:///home/tyc/Projects/NYIAN] Document changed: file:///home/tyc/Projects/NYIAN/style.css
[Server(16735) file:///home/tyc/Projects/NYIAN] Document changed: file:///home/tyc/Projects/NYIAN/style.css
[Server(16735) file:///home/tyc/Projects/NYIAN] Document changed: file:///home/tyc/Projects/NYIAN/style.css
[Server(16735) file:///home/tyc/Projects/NYIAN] Document changed: file:///home/tyc/Projects/NYIAN/style.css
[Server(16735) file:///home/tyc/Projects/NYIAN] Document changed: file:///home/tyc/Projects/NYIAN/style.css
[Server(16735) file:///home/tyc/Projects/NYIAN] Document changed: file:///home/tyc/Projects/NYIAN/style.css
[Server(16735) file:///home/tyc/Projects/NYIAN] Document changed: file:///home/tyc/Projects/NYIAN/style.css
[Server(16735) file:///home/tyc/Projects/NYIAN] Document changed: file:///home/tyc/Projects/NYIAN/style.css
[Server(16735) file:///home/tyc/Projects/NYIAN] Document changed: file:///home/tyc/Projects/NYIAN/style.css
[Server(16735) file:///home/tyc/Projects/NYIAN] Document changed: file:///home/tyc/Projects/NYIAN/style.css
[Server(16735) file:///home/tyc/Projects/NYIAN] Document changed: file:///home/tyc/Projects/NYIAN/style.css
[Server(16735) file:///home/tyc/Projects/NYIAN] Document changed: file:///home/tyc/Projects/NYIAN/style.css
[Server(16735) file:///home/tyc/Projects/NYIAN] Document changed: file:///home/tyc/Projects/NYIAN/style.css
[Server(16735) file:///home/tyc/Projects/NYIAN] Document changed: file:///home/tyc/Projects/NYIAN/style.css
[Server(16735) file:///home/tyc/Projects/NYIAN] Document changed: file:///home/tyc/Projects/NYIAN/style.css
[Server(16735) file:///home/tyc/Projects/NYIAN] Document changed: file:///home/tyc/Projects/NYIAN/style.css
[Server(16735) file:///home/tyc/Projects/NYIAN] Document changed: file:///home/tyc/Projects/NYIAN/style.css
[Server(16735) file:///home/tyc/Projects/NYIAN] Document changed: file:///home/tyc/Projects/NYIAN/style.css
[Server(16735) file:///home/tyc/Projects/NYIAN] Document changed: file:///home/tyc/Projects/NYIAN/style.css
[Server(16735) file:///home/tyc/Projects/NYIAN] Document changed: file:///home/tyc/Projects/NYIAN/style.css
[Server(16735) file:///home/tyc/Projects/NYIAN] Document changed: file:///home/tyc/Projects/NYIAN/style.css
[Server(16735) file:///home/tyc/Projects/NYIAN] Document changed: file:///home/tyc/Projects/NYIAN/style.css
[Server(16735) file:///home/tyc/Projects/NYIAN] Document changed: file:///home/tyc/Projects/NYIAN/style.css
[Server(16735) file:///home/tyc/Projects/NYIAN] Document changed: file:///home/tyc/Projects/NYIAN/style.css
[Server(16735) file:///home/tyc/Projects/NYIAN] Document changed: file:///home/tyc/Projects/NYIAN/style.css
[Server(16735) file:///home/tyc/Projects/NYIAN] Document changed: file:///home/tyc/Projects/NYIAN/style.css
[Server(16735) file:///home/tyc/Projects/NYIAN] Document changed: file:///home/tyc/Projects/NYIAN/style.css
[Server(16735) file:///home/tyc/Projects/NYIAN] Document changed: file:///home/tyc/Projects/NYIAN/style.css
[Server(16735) file:///home/tyc/Projects/NYIAN] Document changed: file:///home/tyc/Projects/NYIAN/style.css
[Server(16735) file:///home/tyc/Projects/NYIAN] Document changed: file:///home/tyc/Projects/NYIAN/style.css
[Server(16735) file:///home/tyc/Projects/NYIAN] Document changed: file:///home/tyc/Projects/NYIAN/style.css
[Server(16735) file:///home/tyc/Projects/NYIAN] Document changed: file:///home/tyc/Projects/NYIAN/style.css
[Server(16735) file:///home/tyc/Projects/NYIAN] Document changed: file:///home/tyc/Projects/NYIAN/style.css
[Server(16735) file:///home/tyc/Projects/NYIAN] Document changed: file:///home/tyc/Projects/NYIAN/style.css
[Server(16735) file:///home/tyc/Projects/NYIAN] Document changed: file:///home/tyc/Projects/NYIAN/style.css
[Server(16735) file:///home/tyc/Projects/NYIAN] Document changed: file:///home/tyc/Projects/NYIAN/style.css
[Server(16735) file:///home/tyc/Projects/NYIAN] Document changed: file:///home/tyc/Projects/NYIAN/style.css
[Server(16735) file:///home/tyc/Projects/NYIAN] Document changed: file:///home/tyc/Projects/NYIAN/style.css
[Server(16735) file:///home/tyc/Projects/NYIAN] Document changed: file:///home/tyc/Projects/NYIAN/style.css
[Server(16735) file:///home/tyc/Projects/NYIAN] Document changed: file:///home/tyc/Projects/NYIAN/style.css
[Server(16735) file:///home/tyc/Projects/NYIAN] Document changed: file:///home/tyc/Projects/NYIAN/style.css
[Server(16735) file:///home/tyc/Projects/NYIAN] Document changed: file:///home/tyc/Projects/NYIAN/style.css
[Server(16735) file:///home/tyc/Projects/NYIAN] Document changed: file:///home/tyc/Projects/NYIAN/style.css
[Server(16735) file:///home/tyc/Projects/NYIAN] Document changed: file:///home/tyc/Projects/NYIAN/style.css
[Server(16735) file:///home/tyc/Projects/NYIAN] Document changed: file:///home/tyc/Projects/NYIAN/style.css
[Server(16735) file:///home/tyc/Projects/NYIAN] Document changed: file:///home/tyc/Projects/NYIAN/style.css
[Server(16735) file:///home/tyc/Projects/NYIAN] Document changed: file:///home/tyc/Projects/NYIAN/style.css
[Server(16735) file:///home/tyc/Projects/NYIAN] Document changed: file:///home/tyc/Projects/NYIAN/style.css
[Server(16735) file:///home/tyc/Projects/NYIAN] Document changed: file:///home/tyc/Projects/NYIAN/style.css
[Server(16735) file:///home/tyc/Projects/NYIAN] Document changed: file:///home/tyc/Projects/NYIAN/style.css
[Server(16735) file:///home/tyc/Projects/NYIAN] Document changed: file:///home/tyc/Projects/NYIAN/style.css
[Server(16735) file:///home/tyc/Projects/NYIAN] Document changed: file:///home/tyc/Projects/NYIAN/style.css
[Server(16735) file:///home/tyc/Projects/NYIAN] Document changed: file:///home/tyc/Projects/NYIAN/style.css
[Server(16735) file:///home/tyc/Projects/NYIAN] Document changed: file:///home/tyc/Projects/NYIAN/style.css
[Server(16735) file:///home/tyc/Projects/NYIAN] Document changed: file:///home/tyc/Projects/NYIAN/style.css
[Server(16735) file:///home/tyc/Projects/NYIAN] Document changed: file:///home/tyc/Projects/NYIAN/style.css
