[Server(2621) file:///home/tyc/Projects/NYIAN] Started and initialize received
[Server(2621) file:///home/tyc/Projects/NYIAN] Setup a stylesheet lookup map
[Server(2621) file:///home/tyc/Projects/NYIAN] Document opened: file:///home/tyc/Projects/NYIAN/main.html
[Server(2621) file:///home/tyc/Projects/NYIAN] Document changed: file:///home/tyc/Projects/NYIAN/main.html
[Server(2621) file:///home/tyc/Projects/NYIAN] Document opened: file:///home/tyc/Projects/NYIAN/style.css
[Server(2621) file:///home/tyc/Projects/NYIAN] Document changed: file:///home/tyc/Projects/NYIAN/style.css
[Server(2621) file:///home/tyc/Projects/NYIAN] Document changed: file:///home/tyc/Projects/NYIAN/style.css
[Server(2621) file:///home/tyc/Projects/NYIAN] Document changed: file:///home/tyc/Projects/NYIAN/style.css
[Server(2621) file:///home/tyc/Projects/NYIAN] Document changed: file:///home/tyc/Projects/NYIAN/style.css
[Server(2621) file:///home/tyc/Projects/NYIAN] Document changed: file:///home/tyc/Projects/NYIAN/style.css
[Server(2621) file:///home/tyc/Projects/NYIAN] Document changed: file:///home/tyc/Projects/NYIAN/style.css
[Server(2621) file:///home/tyc/Projects/NYIAN] Document changed: file:///home/tyc/Projects/NYIAN/style.css
[Server(2621) file:///home/tyc/Projects/NYIAN] Document changed: file:///home/tyc/Projects/NYIAN/style.css
[Server(2621) file:///home/tyc/Projects/NYIAN] Document changed: file:///home/tyc/Projects/NYIAN/style.css
[Server(2621) file:///home/tyc/Projects/NYIAN] Document changed: file:///home/tyc/Projects/NYIAN/style.css
[Server(2621) file:///home/tyc/Projects/NYIAN] Document changed: file:///home/tyc/Projects/NYIAN/style.css
[Server(2621) file:///home/tyc/Projects/NYIAN] Document changed: file:///home/tyc/Projects/NYIAN/style.css
[Server(2621) file:///home/tyc/Projects/NYIAN] Document changed: file:///home/tyc/Projects/NYIAN/style.css
[Server(2621) file:///home/tyc/Projects/NYIAN] Document changed: file:///home/tyc/Projects/NYIAN/style.css
[Server(2621) file:///home/tyc/Projects/NYIAN] Document changed: file:///home/tyc/Projects/NYIAN/style.css
[Server(2621) file:///home/tyc/Projects/NYIAN] Document changed: file:///home/tyc/Projects/NYIAN/style.css
[Server(2621) file:///home/tyc/Projects/NYIAN] Document changed: file:///home/tyc/Projects/NYIAN/style.css
[Server(2621) file:///home/tyc/Projects/NYIAN] Document changed: file:///home/tyc/Projects/NYIAN/style.css
[Server(2621) file:///home/tyc/Projects/NYIAN] Document changed: file:///home/tyc/Projects/NYIAN/style.css
[Server(2621) file:///home/tyc/Projects/NYIAN] Document changed: file:///home/tyc/Projects/NYIAN/style.css
[Server(2621) file:///home/tyc/Projects/NYIAN] Document changed: file:///home/tyc/Projects/NYIAN/style.css
[Server(2621) file:///home/tyc/Projects/NYIAN] Document changed: file:///home/tyc/Projects/NYIAN/style.css
[Server(2621) file:///home/tyc/Projects/NYIAN] Document changed: file:///home/tyc/Projects/NYIAN/style.css
[Server(2621) file:///home/tyc/Projects/NYIAN] Document changed: file:///home/tyc/Projects/NYIAN/style.css
[Server(2621) file:///home/tyc/Projects/NYIAN] Document changed: file:///home/tyc/Projects/NYIAN/style.css
[Server(2621) file:///home/tyc/Projects/NYIAN] Document changed: file:///home/tyc/Projects/NYIAN/style.css
[Server(2621) file:///home/tyc/Projects/NYIAN] Document changed: file:///home/tyc/Projects/NYIAN/style.css
[Server(2621) file:///home/tyc/Projects/NYIAN] Document changed: file:///home/tyc/Projects/NYIAN/style.css
[Server(2621) file:///home/tyc/Projects/NYIAN] Document changed: file:///home/tyc/Projects/NYIAN/style.css
[Server(2621) file:///home/tyc/Projects/NYIAN] Document changed: file:///home/tyc/Projects/NYIAN/style.css
[Server(2621) file:///home/tyc/Projects/NYIAN] Document changed: file:///home/tyc/Projects/NYIAN/style.css
[Server(2621) file:///home/tyc/Projects/NYIAN] Document changed: file:///home/tyc/Projects/NYIAN/style.css
Invalid Selector...
Invalid Selector...
Invalid Selector...
