[2019-04-17 17:37:08.152] [exthost] [info] extension host started
[2019-04-17 17:37:08.199] [exthost] [info] ExtensionService#_doActivateExtension vscode.debug-auto-launch {"startup":true,"activationEvent":"*"}
[2019-04-17 17:37:08.199] [exthost] [info] ExtensionService#loadCommonJSModule /usr/share/code/resources/app/extensions/debug-auto-launch/dist/extension
[2019-04-17 17:37:08.205] [exthost] [info] ExtensionService#_doActivateExtension vscode.emmet {"startup":true,"activationEvent":"*"}
[2019-04-17 17:37:08.205] [exthost] [info] ExtensionService#loadCommonJSModule /usr/share/code/resources/app/extensions/emmet/dist/extension
[2019-04-17 17:37:08.250] [exthost] [info] ExtensionService#_doActivateExtension vscode.git {"startup":true,"activationEvent":"*"}
[2019-04-17 17:37:08.250] [exthost] [info] ExtensionService#loadCommonJSModule /usr/share/code/resources/app/extensions/git/dist/main
[2019-04-17 17:37:08.409] [exthost] [info] ExtensionService#_doActivateExtension vscode.merge-conflict {"startup":true,"activationEvent":"*"}
[2019-04-17 17:37:08.409] [exthost] [info] ExtensionService#loadCommonJSModule /usr/share/code/resources/app/extensions/merge-conflict/dist/extension
[2019-04-17 17:37:08.419] [exthost] [info] eager extensions activated
[2019-04-17 17:37:47.321] [exthost] [info] extension host started
[2019-04-17 17:37:47.338] [exthost] [info] ExtensionService#_doActivateExtension vscode.debug-auto-launch {"startup":true,"activationEvent":"*"}
[2019-04-17 17:37:47.338] [exthost] [info] ExtensionService#loadCommonJSModule /usr/share/code/resources/app/extensions/debug-auto-launch/dist/extension
[2019-04-17 17:37:47.341] [exthost] [info] ExtensionService#_doActivateExtension vscode.emmet {"startup":true,"activationEvent":"*"}
[2019-04-17 17:37:47.341] [exthost] [info] ExtensionService#loadCommonJSModule /usr/share/code/resources/app/extensions/emmet/dist/extension
[2019-04-17 17:37:47.359] [exthost] [info] ExtensionService#_doActivateExtension vscode.git {"startup":true,"activationEvent":"*"}
[2019-04-17 17:37:47.359] [exthost] [info] ExtensionService#loadCommonJSModule /usr/share/code/resources/app/extensions/git/dist/main
[2019-04-17 17:37:47.452] [exthost] [info] ExtensionService#_doActivateExtension vscode.merge-conflict {"startup":true,"activationEvent":"*"}
[2019-04-17 17:37:47.452] [exthost] [info] ExtensionService#loadCommonJSModule /usr/share/code/resources/app/extensions/merge-conflict/dist/extension
[2019-04-17 17:37:47.457] [exthost] [info] eager extensions activated
[2019-04-17 17:50:00.850] [exthost] [info] ExtensionService#_doActivateExtension vscode.html-language-features {"startup":false,"activationEvent":"onLanguage:html"}
[2019-04-17 17:50:00.850] [exthost] [info] ExtensionService#loadCommonJSModule /usr/share/code/resources/app/extensions/html-language-features/client/dist/htmlMain
[2019-04-17 17:56:54.665] [exthost] [info] ExtensionService#_doActivateExtension ritwickdey.LiveServer {"startup":false,"activationEvent":"*"}
[2019-04-17 17:56:54.665] [exthost] [info] ExtensionService#loadCommonJSModule /home/tyc/.vscode/extensions/ritwickdey.liveserver-5.6.1/out/src/extension
[2019-04-17 17:58:21.730] [exthost] [info] ExtensionService#_doActivateExtension dbaeumer.vscode-eslint {"startup":false,"activationEvent":"*"}
[2019-04-17 17:58:21.730] [exthost] [info] ExtensionService#loadCommonJSModule /home/tyc/.vscode/extensions/dbaeumer.vscode-eslint-1.8.2/client/out/extension
[2019-04-17 17:58:51.565] [exthost] [info] ExtensionService#_doActivateExtension esbenp.prettier-vscode {"startup":false,"activationEvent":"*"}
[2019-04-17 17:58:51.565] [exthost] [info] ExtensionService#loadCommonJSModule /home/tyc/.vscode/extensions/esbenp.prettier-vscode-1.8.1/out/src/extension
[2019-04-17 17:58:57.536] [exthost] [info] ExtensionService#_doActivateExtension pranaygp.vscode-css-peek {"startup":false,"activationEvent":"*"}
[2019-04-17 17:58:57.536] [exthost] [info] ExtensionService#loadCommonJSModule /home/tyc/.vscode/extensions/pranaygp.vscode-css-peek-2.2.0/out/client/src/extension
[2019-04-17 18:02:05.324] [exthost] [info] ExtensionService#_doActivateExtension vscode.css-language-features {"startup":false,"activationEvent":"onLanguage:css"}
[2019-04-17 18:02:05.324] [exthost] [info] ExtensionService#loadCommonJSModule /usr/share/code/resources/app/extensions/css-language-features/client/dist/cssMain
