[2019-04-19 13:49:41.558] [exthost] [info] extension host started
[2019-04-19 13:49:41.574] [exthost] [info] ExtensionService#_doActivateExtension vscode.debug-auto-launch {"startup":true,"activationEvent":"*"}
[2019-04-19 13:49:41.574] [exthost] [info] ExtensionService#loadCommonJSModule /usr/share/code/resources/app/extensions/debug-auto-launch/dist/extension
[2019-04-19 13:49:41.579] [exthost] [info] ExtensionService#_doActivateExtension vscode.emmet {"startup":true,"activationEvent":"*"}
[2019-04-19 13:49:41.579] [exthost] [info] ExtensionService#loadCommonJSModule /usr/share/code/resources/app/extensions/emmet/dist/extension
[2019-04-19 13:49:41.587] [exthost] [info] ExtensionService#_doActivateExtension vscode.git {"startup":true,"activationEvent":"*"}
[2019-04-19 13:49:41.587] [exthost] [info] ExtensionService#loadCommonJSModule /usr/share/code/resources/app/extensions/git/dist/main
[2019-04-19 13:49:41.624] [exthost] [info] ExtensionService#_doActivateExtension vscode.merge-conflict {"startup":true,"activationEvent":"*"}
[2019-04-19 13:49:41.624] [exthost] [info] ExtensionService#loadCommonJSModule /usr/share/code/resources/app/extensions/merge-conflict/dist/extension
[2019-04-19 13:49:41.629] [exthost] [info] ExtensionService#_doActivateExtension dbaeumer.vscode-eslint {"startup":true,"activationEvent":"*"}
[2019-04-19 13:49:41.629] [exthost] [info] ExtensionService#loadCommonJSModule /home/tyc/.vscode/extensions/dbaeumer.vscode-eslint-1.8.2/client/out/extension
[2019-04-19 13:49:41.642] [exthost] [info] ExtensionService#_doActivateExtension esbenp.prettier-vscode {"startup":true,"activationEvent":"*"}
[2019-04-19 13:49:41.642] [exthost] [info] ExtensionService#loadCommonJSModule /home/tyc/.vscode/extensions/esbenp.prettier-vscode-1.8.1/out/src/extension
[2019-04-19 13:49:41.778] [exthost] [info] ExtensionService#_doActivateExtension pranaygp.vscode-css-peek {"startup":true,"activationEvent":"*"}
[2019-04-19 13:49:41.778] [exthost] [info] ExtensionService#loadCommonJSModule /home/tyc/.vscode/extensions/pranaygp.vscode-css-peek-2.2.0/out/client/src/extension
[2019-04-19 13:49:41.837] [exthost] [info] ExtensionService#_doActivateExtension ritwickdey.LiveServer {"startup":true,"activationEvent":"*"}
[2019-04-19 13:49:41.837] [exthost] [info] ExtensionService#loadCommonJSModule /home/tyc/.vscode/extensions/ritwickdey.liveserver-5.6.1/out/src/extension
[2019-04-19 13:49:42.404] [exthost] [info] eager extensions activated
[2019-04-19 13:49:46.521] [exthost] [info] ExtensionService#_doActivateExtension vscode.html-language-features {"startup":false,"activationEvent":"onLanguage:html"}
[2019-04-19 13:49:46.521] [exthost] [info] ExtensionService#loadCommonJSModule /usr/share/code/resources/app/extensions/html-language-features/client/dist/htmlMain
[2019-04-19 13:49:55.594] [exthost] [info] extension host started
[2019-04-19 13:49:55.610] [exthost] [info] ExtensionService#_doActivateExtension vscode.debug-auto-launch {"startup":true,"activationEvent":"*"}
[2019-04-19 13:49:55.610] [exthost] [info] ExtensionService#loadCommonJSModule /usr/share/code/resources/app/extensions/debug-auto-launch/dist/extension
[2019-04-19 13:49:55.615] [exthost] [info] ExtensionService#_doActivateExtension vscode.emmet {"startup":true,"activationEvent":"*"}
[2019-04-19 13:49:55.615] [exthost] [info] ExtensionService#loadCommonJSModule /usr/share/code/resources/app/extensions/emmet/dist/extension
[2019-04-19 13:49:55.618] [exthost] [info] ExtensionService#_doActivateExtension vscode.git {"startup":true,"activationEvent":"*"}
[2019-04-19 13:49:55.618] [exthost] [info] ExtensionService#loadCommonJSModule /usr/share/code/resources/app/extensions/git/dist/main
[2019-04-19 13:49:55.639] [exthost] [info] ExtensionService#_doActivateExtension vscode.merge-conflict {"startup":true,"activationEvent":"*"}
[2019-04-19 13:49:55.639] [exthost] [info] ExtensionService#loadCommonJSModule /usr/share/code/resources/app/extensions/merge-conflict/dist/extension
[2019-04-19 13:49:55.641] [exthost] [info] ExtensionService#_doActivateExtension dbaeumer.vscode-eslint {"startup":true,"activationEvent":"*"}
[2019-04-19 13:49:55.641] [exthost] [info] ExtensionService#loadCommonJSModule /home/tyc/.vscode/extensions/dbaeumer.vscode-eslint-1.8.2/client/out/extension
[2019-04-19 13:49:55.648] [exthost] [info] ExtensionService#_doActivateExtension esbenp.prettier-vscode {"startup":true,"activationEvent":"*"}
[2019-04-19 13:49:55.648] [exthost] [info] ExtensionService#loadCommonJSModule /home/tyc/.vscode/extensions/esbenp.prettier-vscode-1.8.1/out/src/extension
[2019-04-19 13:49:55.695] [exthost] [info] ExtensionService#_doActivateExtension pranaygp.vscode-css-peek {"startup":true,"activationEvent":"*"}
[2019-04-19 13:49:55.695] [exthost] [info] ExtensionService#loadCommonJSModule /home/tyc/.vscode/extensions/pranaygp.vscode-css-peek-2.2.0/out/client/src/extension
[2019-04-19 13:49:55.714] [exthost] [info] ExtensionService#_doActivateExtension ritwickdey.LiveServer {"startup":true,"activationEvent":"*"}
[2019-04-19 13:49:55.714] [exthost] [info] ExtensionService#loadCommonJSModule /home/tyc/.vscode/extensions/ritwickdey.liveserver-5.6.1/out/src/extension
[2019-04-19 13:49:55.914] [exthost] [info] eager extensions activated
[2019-04-19 13:50:00.299] [exthost] [info] ExtensionService#_doActivateExtension vscode.html-language-features {"startup":false,"activationEvent":"onLanguage:html"}
[2019-04-19 13:50:00.299] [exthost] [info] ExtensionService#loadCommonJSModule /usr/share/code/resources/app/extensions/html-language-features/client/dist/htmlMain
[2019-04-19 13:50:06.464] [exthost] [info] ExtensionService#_doActivateExtension vscode.css-language-features {"startup":false,"activationEvent":"onLanguage:css"}
[2019-04-19 13:50:06.464] [exthost] [info] ExtensionService#loadCommonJSModule /usr/share/code/resources/app/extensions/css-language-features/client/dist/cssMain
